<?xml version="1.0" encoding="UTF-8"?>
<coverage generated="1549627003818" clover="3.2.0">
  <project timestamp="1549627003818" name="All files">
    <metrics statements="481" coveredstatements="173" conditionals="346" coveredconditionals="173" methods="150" coveredmethods="19" elements="977" coveredelements="365" complexity="0" loc="481" ncloc="481" packages="16" files="17" classes="17">
      <package name="src">
        <metrics statements="52" coveredstatements="0" conditionals="38" coveredconditionals="0" methods="21" coveredmethods="0"/>
        <file name="index.js" path="C:\Users\lluna\bootcamp\collab\los-chicotes\skylab-bootcamp-201901\staff\groups\null\smart-fridge\src\index.js">
          <metrics statements="14" coveredstatements="0" conditionals="6" coveredconditionals="0" methods="6" coveredmethods="0"/>
          <line num="1" count="0" type="stmt"/>
          <line num="2" count="0" type="stmt"/>
          <line num="3" count="0" type="stmt"/>
          <line num="4" count="0" type="stmt"/>
          <line num="5" count="0" type="stmt"/>
          <line num="6" count="0" type="stmt"/>
          <line num="7" count="0" type="stmt"/>
          <line num="12" count="0" type="cond" truecount="0" falsecount="2"/>
          <line num="13" count="0" type="stmt"/>
          <line num="15" count="0" type="cond" truecount="0" falsecount="2"/>
          <line num="16" count="0" type="stmt"/>
          <line num="18" count="0" type="cond" truecount="0" falsecount="2"/>
          <line num="19" count="0" type="stmt"/>
          <line num="27" count="0" type="stmt"/>
        </file>
        <file name="serviceWorker.js" path="C:\Users\lluna\bootcamp\collab\los-chicotes\skylab-bootcamp-201901\staff\groups\null\smart-fridge\src\serviceWorker.js">
          <metrics statements="38" coveredstatements="0" conditionals="32" coveredconditionals="0" methods="15" coveredmethods="0"/>
          <line num="13" count="0" type="stmt"/>
          <line num="24" count="0" type="cond" truecount="0" falsecount="4"/>
          <line num="26" count="0" type="stmt"/>
          <line num="27" count="0" type="cond" truecount="0" falsecount="2"/>
          <line num="31" count="0" type="stmt"/>
          <line num="34" count="0" type="stmt"/>
          <line num="35" count="0" type="stmt"/>
          <line num="37" count="0" type="cond" truecount="0" falsecount="2"/>
          <line num="39" count="0" type="stmt"/>
          <line num="43" count="0" type="stmt"/>
          <line num="44" count="0" type="stmt"/>
          <line num="51" count="0" type="stmt"/>
          <line num="58" count="0" type="stmt"/>
          <line num="61" count="0" type="stmt"/>
          <line num="62" count="0" type="stmt"/>
          <line num="63" count="0" type="cond" truecount="0" falsecount="2"/>
          <line num="64" count="0" type="stmt"/>
          <line num="66" count="0" type="stmt"/>
          <line num="67" count="0" type="cond" truecount="0" falsecount="2"/>
          <line num="68" count="0" type="cond" truecount="0" falsecount="2"/>
          <line num="72" count="0" type="stmt"/>
          <line num="78" count="0" type="cond" truecount="0" falsecount="4"/>
          <line num="79" count="0" type="stmt"/>
          <line num="85" count="0" type="stmt"/>
          <line num="88" count="0" type="cond" truecount="0" falsecount="4"/>
          <line num="89" count="0" type="stmt"/>
          <line num="97" count="0" type="stmt"/>
          <line num="103" count="0" type="stmt"/>
          <line num="106" count="0" type="stmt"/>
          <line num="107" count="0" type="cond" truecount="0" falsecount="2"/>
          <line num="112" count="0" type="stmt"/>
          <line num="113" count="0" type="stmt"/>
          <line num="114" count="0" type="stmt"/>
          <line num="119" count="0" type="stmt"/>
          <line num="123" count="0" type="stmt"/>
          <line num="130" count="0" type="cond" truecount="0" falsecount="2"/>
          <line num="131" count="0" type="stmt"/>
          <line num="132" count="0" type="stmt"/>
        </file>
      </package>
      <package name="src.Components.App">
        <metrics statements="12" coveredstatements="0" conditionals="4" coveredconditionals="0" methods="5" coveredmethods="0"/>
        <file name="index.js" path="C:\Users\lluna\bootcamp\collab\los-chicotes\skylab-bootcamp-201901\staff\groups\null\smart-fridge\src\Components\App\index.js">
          <metrics statements="12" coveredstatements="0" conditionals="4" coveredconditionals="0" methods="5" coveredmethods="0"/>
          <line num="1" count="0" type="stmt"/>
          <line num="2" count="0" type="stmt"/>
          <line num="3" count="0" type="stmt"/>
          <line num="4" count="0" type="stmt"/>
          <line num="5" count="0" type="stmt"/>
          <line num="6" count="0" type="stmt"/>
          <line num="8" count="0" type="stmt"/>
          <line num="11" count="0" type="stmt"/>
          <line num="13" count="0" type="stmt"/>
          <line num="18" count="0" type="stmt"/>
          <line num="20" count="0" type="cond" truecount="0" falsecount="2"/>
          <line num="21" count="0" type="cond" truecount="0" falsecount="2"/>
        </file>
      </package>
      <package name="src.Components.Detail">
        <metrics statements="7" coveredstatements="0" conditionals="2" coveredconditionals="0" methods="3" coveredmethods="0"/>
        <file name="index.js" path="C:\Users\lluna\bootcamp\collab\los-chicotes\skylab-bootcamp-201901\staff\groups\null\smart-fridge\src\Components\Detail\index.js">
          <metrics statements="7" coveredstatements="0" conditionals="2" coveredconditionals="0" methods="3" coveredmethods="0"/>
          <line num="1" count="0" type="stmt"/>
          <line num="2" count="0" type="stmt"/>
          <line num="6" count="0" type="stmt"/>
          <line num="7" count="0" type="stmt"/>
          <line num="9" count="0" type="stmt"/>
          <line num="35" count="0" type="stmt"/>
          <line num="46" count="0" type="stmt"/>
        </file>
      </package>
      <package name="src.Components.EditProfile">
        <metrics statements="22" coveredstatements="0" conditionals="14" coveredconditionals="0" methods="12" coveredmethods="0"/>
        <file name="index.js" path="C:\Users\lluna\bootcamp\collab\los-chicotes\skylab-bootcamp-201901\staff\groups\null\smart-fridge\src\Components\EditProfile\index.js">
          <metrics statements="22" coveredstatements="0" conditionals="14" coveredconditionals="0" methods="12" coveredmethods="0"/>
          <line num="1" count="0" type="stmt"/>
          <line num="2" count="0" type="stmt"/>
          <line num="4" count="0" type="stmt"/>
          <line num="19" count="0" type="stmt"/>
          <line num="20" count="0" type="stmt"/>
          <line num="22" count="0" type="stmt"/>
          <line num="23" count="0" type="stmt"/>
          <line num="24" count="0" type="stmt"/>
          <line num="25" count="0" type="stmt"/>
          <line num="26" count="0" type="stmt"/>
          <line num="29" count="0" type="stmt"/>
          <line num="30" count="0" type="stmt"/>
          <line num="32" count="0" type="stmt"/>
          <line num="34" count="0" type="stmt"/>
          <line num="44" count="0" type="stmt"/>
          <line num="52" count="0" type="stmt"/>
          <line num="53" count="0" type="stmt"/>
          <line num="55" count="0" type="stmt"/>
          <line num="57" count="0" type="stmt"/>
          <line num="64" count="0" type="stmt"/>
          <line num="66" count="0" type="stmt"/>
          <line num="70" count="0" type="stmt"/>
        </file>
      </package>
      <package name="src.Components.Feedback">
        <metrics statements="6" coveredstatements="0" conditionals="0" coveredconditionals="0" methods="3" coveredmethods="0"/>
        <file name="index.js" path="C:\Users\lluna\bootcamp\collab\los-chicotes\skylab-bootcamp-201901\staff\groups\null\smart-fridge\src\Components\Feedback\index.js">
          <metrics statements="6" coveredstatements="0" conditionals="0" coveredconditionals="0" methods="3" coveredmethods="0"/>
          <line num="1" count="0" type="stmt"/>
          <line num="2" count="0" type="stmt"/>
          <line num="4" count="0" type="stmt"/>
          <line num="7" count="0" type="stmt"/>
          <line num="8" count="0" type="stmt"/>
          <line num="14" count="0" type="stmt"/>
        </file>
      </package>
      <package name="src.Components.Home">
        <metrics statements="48" coveredstatements="0" conditionals="16" coveredconditionals="0" methods="22" coveredmethods="0"/>
        <file name="index.js" path="C:\Users\lluna\bootcamp\collab\los-chicotes\skylab-bootcamp-201901\staff\groups\null\smart-fridge\src\Components\Home\index.js">
          <metrics statements="48" coveredstatements="0" conditionals="16" coveredconditionals="0" methods="22" coveredmethods="0"/>
          <line num="1" count="0" type="stmt"/>
          <line num="2" count="0" type="stmt"/>
          <line num="3" count="0" type="stmt"/>
          <line num="4" count="0" type="stmt"/>
          <line num="5" count="0" type="stmt"/>
          <line num="6" count="0" type="stmt"/>
          <line num="7" count="0" type="stmt"/>
          <line num="8" count="0" type="stmt"/>
          <line num="9" count="0" type="stmt"/>
          <line num="10" count="0" type="stmt"/>
          <line num="13" count="0" type="stmt"/>
          <line num="18" count="0" type="stmt"/>
          <line num="19" count="0" type="stmt"/>
          <line num="20" count="0" type="stmt"/>
          <line num="22" count="0" type="stmt"/>
          <line num="25" count="0" type="stmt"/>
          <line num="26" count="0" type="stmt"/>
          <line num="30" count="0" type="stmt"/>
          <line num="36" count="0" type="stmt"/>
          <line num="37" count="0" type="stmt"/>
          <line num="41" count="0" type="stmt"/>
          <line num="45" count="0" type="stmt"/>
          <line num="49" count="0" type="stmt"/>
          <line num="50" count="0" type="stmt"/>
          <line num="51" count="0" type="stmt"/>
          <line num="53" count="0" type="stmt"/>
          <line num="55" count="0" type="stmt"/>
          <line num="57" count="0" type="stmt"/>
          <line num="58" count="0" type="stmt"/>
          <line num="64" count="0" type="stmt"/>
          <line num="65" count="0" type="stmt"/>
          <line num="69" count="0" type="stmt"/>
          <line num="70" count="0" type="stmt"/>
          <line num="75" count="0" type="stmt"/>
          <line num="77" count="0" type="stmt"/>
          <line num="78" count="0" type="stmt"/>
          <line num="80" count="0" type="stmt"/>
          <line num="81" count="0" type="stmt"/>
          <line num="82" count="0" type="stmt"/>
          <line num="85" count="0" type="stmt"/>
          <line num="89" count="0" type="stmt"/>
          <line num="90" count="0" type="stmt"/>
          <line num="92" count="0" type="stmt"/>
          <line num="94" count="0" type="cond" truecount="0" falsecount="2"/>
          <line num="95" count="0" type="cond" truecount="0" falsecount="2"/>
          <line num="96" count="0" type="cond" truecount="0" falsecount="4"/>
          <line num="97" count="0" type="cond" truecount="0" falsecount="4"/>
          <line num="98" count="0" type="cond" truecount="0" falsecount="4"/>
        </file>
      </package>
      <package name="src.Components.InputsFridge">
        <metrics statements="48" coveredstatements="0" conditionals="42" coveredconditionals="0" methods="16" coveredmethods="0"/>
        <file name="index.js" path="C:\Users\lluna\bootcamp\collab\los-chicotes\skylab-bootcamp-201901\staff\groups\null\smart-fridge\src\Components\InputsFridge\index.js">
          <metrics statements="48" coveredstatements="0" conditionals="42" coveredconditionals="0" methods="16" coveredmethods="0"/>
          <line num="1" count="0" type="stmt"/>
          <line num="2" count="0" type="stmt"/>
          <line num="3" count="0" type="stmt"/>
          <line num="5" count="0" type="stmt"/>
          <line num="23" count="0" type="stmt"/>
          <line num="24" count="0" type="stmt"/>
          <line num="26" count="0" type="stmt"/>
          <line num="28" count="0" type="stmt"/>
          <line num="29" count="0" type="cond" truecount="0" falsecount="2"/>
          <line num="30" count="0" type="cond" truecount="0" falsecount="2"/>
          <line num="31" count="0" type="cond" truecount="0" falsecount="2"/>
          <line num="32" count="0" type="cond" truecount="0" falsecount="2"/>
          <line num="33" count="0" type="cond" truecount="0" falsecount="2"/>
          <line num="35" count="0" type="stmt"/>
          <line num="37" count="0" type="stmt"/>
          <line num="38" count="0" type="cond" truecount="0" falsecount="2"/>
          <line num="39" count="0" type="cond" truecount="0" falsecount="2"/>
          <line num="40" count="0" type="cond" truecount="0" falsecount="2"/>
          <line num="41" count="0" type="cond" truecount="0" falsecount="2"/>
          <line num="45" count="0" type="stmt"/>
          <line num="48" count="0" type="stmt"/>
          <line num="49" count="0" type="stmt"/>
          <line num="50" count="0" type="stmt"/>
          <line num="51" count="0" type="stmt"/>
          <line num="52" count="0" type="stmt"/>
          <line num="55" count="0" type="stmt"/>
          <line num="56" count="0" type="stmt"/>
          <line num="57" count="0" type="cond" truecount="0" falsecount="4"/>
          <line num="61" count="0" type="stmt"/>
          <line num="62" count="0" type="stmt"/>
          <line num="63" count="0" type="cond" truecount="0" falsecount="4"/>
          <line num="67" count="0" type="stmt"/>
          <line num="68" count="0" type="stmt"/>
          <line num="72" count="0" type="stmt"/>
          <line num="73" count="0" type="stmt"/>
          <line num="77" count="0" type="stmt"/>
          <line num="78" count="0" type="stmt"/>
          <line num="82" count="0" type="stmt"/>
          <line num="83" count="0" type="stmt"/>
          <line num="87" count="0" type="stmt"/>
          <line num="88" count="0" type="stmt"/>
          <line num="92" count="0" type="stmt"/>
          <line num="93" count="0" type="stmt"/>
          <line num="96" count="0" type="stmt"/>
          <line num="97" count="0" type="stmt"/>
          <line num="99" count="0" type="stmt"/>
          <line num="100" count="0" type="stmt"/>
          <line num="102" count="0" type="stmt"/>
        </file>
      </package>
      <package name="src.Components.Login">
        <metrics statements="12" coveredstatements="0" conditionals="0" coveredconditionals="0" methods="6" coveredmethods="0"/>
        <file name="index.js" path="C:\Users\lluna\bootcamp\collab\los-chicotes\skylab-bootcamp-201901\staff\groups\null\smart-fridge\src\Components\Login\index.js">
          <metrics statements="12" coveredstatements="0" conditionals="0" coveredconditionals="0" methods="6" coveredmethods="0"/>
          <line num="1" count="0" type="stmt"/>
          <line num="2" count="0" type="stmt"/>
          <line num="4" count="0" type="stmt"/>
          <line num="7" count="0" type="stmt"/>
          <line num="9" count="0" type="stmt"/>
          <line num="11" count="0" type="stmt"/>
          <line num="12" count="0" type="stmt"/>
          <line num="14" count="0" type="stmt"/>
          <line num="16" count="0" type="stmt"/>
          <line num="20" count="0" type="stmt"/>
          <line num="22" count="0" type="stmt"/>
          <line num="26" count="0" type="stmt"/>
        </file>
      </package>
      <package name="src.Components.Nav">
        <metrics statements="9" coveredstatements="0" conditionals="2" coveredconditionals="0" methods="5" coveredmethods="0"/>
        <file name="index.js" path="C:\Users\lluna\bootcamp\collab\los-chicotes\skylab-bootcamp-201901\staff\groups\null\smart-fridge\src\Components\Nav\index.js">
          <metrics statements="9" coveredstatements="0" conditionals="2" coveredconditionals="0" methods="5" coveredmethods="0"/>
          <line num="1" count="0" type="stmt"/>
          <line num="2" count="0" type="stmt"/>
          <line num="5" count="0" type="stmt"/>
          <line num="8" count="0" type="stmt"/>
          <line num="10" count="0" type="stmt"/>
          <line num="14" count="0" type="stmt"/>
          <line num="16" count="0" type="stmt"/>
          <line num="20" count="0" type="stmt"/>
          <line num="25" count="0" type="stmt"/>
        </file>
      </package>
      <package name="src.Components.Register">
        <metrics statements="20" coveredstatements="0" conditionals="0" coveredconditionals="0" methods="14" coveredmethods="0"/>
        <file name="index.js" path="C:\Users\lluna\bootcamp\collab\los-chicotes\skylab-bootcamp-201901\staff\groups\null\smart-fridge\src\Components\Register\index.js">
          <metrics statements="20" coveredstatements="0" conditionals="0" coveredconditionals="0" methods="14" coveredmethods="0"/>
          <line num="1" count="0" type="stmt"/>
          <line num="2" count="0" type="stmt"/>
          <line num="4" count="0" type="stmt"/>
          <line num="19" count="0" type="stmt"/>
          <line num="20" count="0" type="stmt"/>
          <line num="21" count="0" type="stmt"/>
          <line num="22" count="0" type="stmt"/>
          <line num="23" count="0" type="stmt"/>
          <line num="25" count="0" type="stmt"/>
          <line num="26" count="0" type="stmt"/>
          <line num="27" count="0" type="stmt"/>
          <line num="28" count="0" type="stmt"/>
          <line num="29" count="0" type="stmt"/>
          <line num="32" count="0" type="stmt"/>
          <line num="33" count="0" type="stmt"/>
          <line num="35" count="0" type="stmt"/>
          <line num="37" count="0" type="stmt"/>
          <line num="41" count="0" type="stmt"/>
          <line num="43" count="0" type="stmt"/>
          <line num="47" count="0" type="stmt"/>
        </file>
      </package>
      <package name="src.Components.Results">
        <metrics statements="12" coveredstatements="0" conditionals="2" coveredconditionals="0" methods="5" coveredmethods="0"/>
        <file name="index.js" path="C:\Users\lluna\bootcamp\collab\los-chicotes\skylab-bootcamp-201901\staff\groups\null\smart-fridge\src\Components\Results\index.js">
          <metrics statements="12" coveredstatements="0" conditionals="2" coveredconditionals="0" methods="5" coveredmethods="0"/>
          <line num="1" count="0" type="stmt"/>
          <line num="4" count="0" type="stmt"/>
          <line num="5" count="0" type="stmt"/>
          <line num="8" count="0" type="stmt"/>
          <line num="11" count="0" type="stmt"/>
          <line num="16" count="0" type="stmt"/>
          <line num="17" count="0" type="stmt"/>
          <line num="18" count="0" type="stmt"/>
          <line num="19" count="0" type="stmt"/>
          <line num="22" count="0" type="stmt"/>
          <line num="27" count="0" type="stmt"/>
          <line num="60" count="0" type="stmt"/>
        </file>
      </package>
      <package name="src.Components.Welcome">
        <metrics statements="29" coveredstatements="0" conditionals="4" coveredconditionals="0" methods="14" coveredmethods="0"/>
        <file name="index.js" path="C:\Users\lluna\bootcamp\collab\los-chicotes\skylab-bootcamp-201901\staff\groups\null\smart-fridge\src\Components\Welcome\index.js">
          <metrics statements="29" coveredstatements="0" conditionals="4" coveredconditionals="0" methods="14" coveredmethods="0"/>
          <line num="1" count="0" type="stmt"/>
          <line num="2" count="0" type="stmt"/>
          <line num="3" count="0" type="stmt"/>
          <line num="4" count="0" type="stmt"/>
          <line num="5" count="0" type="stmt"/>
          <line num="6" count="0" type="stmt"/>
          <line num="7" count="0" type="stmt"/>
          <line num="9" count="0" type="stmt"/>
          <line num="19" count="0" type="stmt"/>
          <line num="20" count="0" type="stmt"/>
          <line num="28" count="0" type="stmt"/>
          <line num="29" count="0" type="stmt"/>
          <line num="37" count="0" type="stmt"/>
          <line num="38" count="0" type="stmt"/>
          <line num="40" count="0" type="stmt"/>
          <line num="42" count="0" type="stmt"/>
          <line num="45" count="0" type="stmt"/>
          <line num="47" count="0" type="stmt"/>
          <line num="48" count="0" type="stmt"/>
          <line num="53" count="0" type="stmt"/>
          <line num="54" count="0" type="stmt"/>
          <line num="56" count="0" type="stmt"/>
          <line num="58" count="0" type="stmt"/>
          <line num="60" count="0" type="stmt"/>
          <line num="61" count="0" type="stmt"/>
          <line num="68" count="0" type="stmt"/>
          <line num="69" count="0" type="stmt"/>
          <line num="70" count="0" type="cond" truecount="0" falsecount="2"/>
          <line num="71" count="0" type="cond" truecount="0" falsecount="2"/>
        </file>
      </package>
      <package name="src.Components.WelcomeBanner">
        <metrics statements="7" coveredstatements="0" conditionals="0" coveredconditionals="0" methods="4" coveredmethods="0"/>
        <file name="index.js" path="C:\Users\lluna\bootcamp\collab\los-chicotes\skylab-bootcamp-201901\staff\groups\null\smart-fridge\src\Components\WelcomeBanner\index.js">
          <metrics statements="7" coveredstatements="0" conditionals="0" coveredconditionals="0" methods="4" coveredmethods="0"/>
          <line num="1" count="0" type="stmt"/>
          <line num="3" count="0" type="stmt"/>
          <line num="6" count="0" type="stmt"/>
          <line num="7" count="0" type="stmt"/>
          <line num="11" count="0" type="stmt"/>
          <line num="12" count="0" type="stmt"/>
          <line num="20" count="0" type="stmt"/>
        </file>
      </package>
      <package name="src.edamam-api">
        <metrics statements="14" coveredstatements="14" conditionals="16" coveredconditionals="13" methods="2" coveredmethods="2"/>
        <file name="index.js" path="C:\Users\lluna\bootcamp\collab\los-chicotes\skylab-bootcamp-201901\staff\groups\null\smart-fridge\src\edamam-api\index.js">
          <metrics statements="14" coveredstatements="14" conditionals="16" coveredconditionals="13" methods="2" coveredmethods="2"/>
          <line num="9" count="2" type="stmt"/>
          <line num="27" count="15" type="cond" truecount="2" falsecount="0"/>
          <line num="29" count="11" type="cond" truecount="2" falsecount="0"/>
          <line num="31" count="10" type="cond" truecount="2" falsecount="0"/>
          <line num="33" count="5" type="cond" truecount="2" falsecount="0"/>
          <line num="35" count="4" type="cond" truecount="1" falsecount="1"/>
          <line num="36" count="4" type="cond" truecount="2" falsecount="0"/>
          <line num="38" count="4" type="stmt"/>
          <line num="40" count="4" type="stmt"/>
          <line num="43" count="4" type="stmt"/>
          <line num="45" count="4" type="cond" truecount="1" falsecount="1"/>
          <line num="46" count="4" type="cond" truecount="1" falsecount="1"/>
          <line num="48" count="4" type="stmt"/>
          <line num="50" count="4" type="stmt"/>
        </file>
      </package>
      <package name="src.logic">
        <metrics statements="114" coveredstatements="90" conditionals="104" coveredconditionals="81" methods="8" coveredmethods="7"/>
        <file name="index.js" path="C:\Users\lluna\bootcamp\collab\los-chicotes\skylab-bootcamp-201901\staff\groups\null\smart-fridge\src\logic\index.js">
          <metrics statements="114" coveredstatements="90" conditionals="104" coveredconditionals="81" methods="8" coveredmethods="7"/>
          <line num="6" count="1" type="stmt"/>
          <line num="8" count="87" type="stmt"/>
          <line num="12" count="14" type="stmt"/>
          <line num="16" count="74" type="stmt"/>
          <line num="20" count="10" type="stmt"/>
          <line num="24" count="66" type="stmt"/>
          <line num="28" count="10" type="stmt"/>
          <line num="32" count="87" type="stmt"/>
          <line num="36" count="14" type="stmt"/>
          <line num="40" count="74" type="stmt"/>
          <line num="44" count="10" type="stmt"/>
          <line num="48" count="66" type="stmt"/>
          <line num="52" count="10" type="stmt"/>
          <line num="56" count="0" type="cond" truecount="0" falsecount="2"/>
          <line num="60" count="0" type="stmt"/>
          <line num="61" count="0" type="stmt"/>
          <line num="62" count="0" type="stmt"/>
          <line num="74" count="0" type="stmt"/>
          <line num="76" count="0" type="stmt"/>
          <line num="78" count="0" type="cond" truecount="0" falsecount="2"/>
          <line num="79" count="0" type="stmt"/>
          <line num="80" count="0" type="stmt"/>
          <line num="81" count="0" type="stmt"/>
          <line num="83" count="0" type="cond" truecount="0" falsecount="2"/>
          <line num="84" count="0" type="stmt"/>
          <line num="85" count="0" type="stmt"/>
          <line num="86" count="0" type="stmt"/>
          <line num="114" count="17" type="stmt"/>
          <line num="115" count="17" type="stmt"/>
          <line num="116" count="17" type="stmt"/>
          <line num="117" count="17" type="stmt"/>
          <line num="119" count="17" type="cond" truecount="2" falsecount="0"/>
          <line num="121" count="13" type="cond" truecount="1" falsecount="1"/>
          <line num="123" count="13" type="cond" truecount="2" falsecount="0"/>
          <line num="125" count="10" type="cond" truecount="4" falsecount="0"/>
          <line num="127" count="9" type="cond" truecount="2" falsecount="0"/>
          <line num="129" count="6" type="cond" truecount="4" falsecount="0"/>
          <line num="131" count="5" type="cond" truecount="2" falsecount="0"/>
          <line num="133" count="3" type="cond" truecount="1" falsecount="1"/>
          <line num="135" count="3" type="cond" truecount="1" falsecount="1"/>
          <line num="137" count="3" type="cond" truecount="3" falsecount="1"/>
          <line num="139" count="3" type="cond" truecount="2" falsecount="0"/>
          <line num="141" count="2" type="cond" truecount="2" falsecount="0"/>
          <line num="146" count="1" type="cond" truecount="1" falsecount="1"/>
          <line num="147" count="0" type="stmt"/>
          <line num="149" count="0" type="cond" truecount="0" falsecount="2"/>
          <line num="150" count="0" type="stmt"/>
          <line num="152" count="0" type="cond" truecount="0" falsecount="2"/>
          <line num="154" count="0" type="stmt"/>
          <line num="157" count="0" type="stmt"/>
          <line num="160" count="1" type="cond" truecount="1" falsecount="1"/>
          <line num="161" count="1" type="stmt"/>
          <line num="163" count="1" type="cond" truecount="1" falsecount="1"/>
          <line num="165" count="1" type="stmt"/>
          <line num="167" count="0" type="cond" truecount="0" falsecount="2"/>
          <line num="168" count="0" type="stmt"/>
          <line num="171" count="0" type="stmt"/>
          <line num="174" count="1" type="stmt"/>
          <line num="195" count="15" type="cond" truecount="2" falsecount="0"/>
          <line num="197" count="14" type="cond" truecount="2" falsecount="0"/>
          <line num="199" count="13" type="stmt"/>
          <line num="201" count="13" type="stmt"/>
          <line num="215" count="12" type="cond" truecount="2" falsecount="0"/>
          <line num="217" count="11" type="cond" truecount="2" falsecount="0"/>
          <line num="219" count="10" type="stmt"/>
          <line num="221" count="10" type="stmt"/>
          <line num="222" count="10" type="stmt"/>
          <line num="236" count="5" type="cond" truecount="2" falsecount="0"/>
          <line num="238" count="4" type="cond" truecount="2" falsecount="0"/>
          <line num="240" count="3" type="stmt"/>
          <line num="242" count="2" type="stmt"/>
          <line num="256" count="3" type="cond" truecount="2" falsecount="0"/>
          <line num="258" count="2" type="cond" truecount="2" falsecount="0"/>
          <line num="260" count="1" type="stmt"/>
          <line num="274" count="3" type="cond" truecount="2" falsecount="0"/>
          <line num="276" count="2" type="cond" truecount="2" falsecount="0"/>
          <line num="278" count="1" type="stmt"/>
          <line num="295" count="7" type="cond" truecount="2" falsecount="0"/>
          <line num="297" count="6" type="cond" truecount="2" falsecount="0"/>
          <line num="301" count="5" type="cond" truecount="1" falsecount="1"/>
          <line num="302" count="5" type="cond" truecount="2" falsecount="0"/>
          <line num="304" count="4" type="cond" truecount="2" falsecount="0"/>
          <line num="305" count="1" type="stmt"/>
          <line num="307" count="3" type="stmt"/>
          <line num="313" count="4" type="cond" truecount="4" falsecount="0"/>
          <line num="314" count="3" type="cond" truecount="2" falsecount="0"/>
          <line num="315" count="2" type="stmt"/>
          <line num="317" count="2" type="stmt"/>
          <line num="318" count="4" type="stmt"/>
          <line num="321" count="2" type="stmt"/>
          <line num="323" count="1" type="stmt"/>
          <line num="326" count="3" type="stmt"/>
          <line num="328" count="3" type="stmt"/>
          <line num="388" count="24" type="cond" truecount="2" falsecount="0"/>
          <line num="390" count="19" type="cond" truecount="2" falsecount="0"/>
          <line num="392" count="18" type="cond" truecount="2" falsecount="0"/>
          <line num="394" count="13" type="stmt"/>
          <line num="396" count="13" type="stmt"/>
          <line num="397" count="26" type="cond" truecount="1" falsecount="1"/>
          <line num="398" count="26" type="stmt"/>
          <line num="401" count="13" type="cond" truecount="1" falsecount="1"/>
          <line num="402" count="0" type="stmt"/>
          <line num="417" count="26" type="cond" truecount="2" falsecount="0"/>
          <line num="419" count="21" type="cond" truecount="2" falsecount="0"/>
          <line num="421" count="20" type="cond" truecount="2" falsecount="0"/>
          <line num="423" count="14" type="cond" truecount="1" falsecount="1"/>
          <line num="425" count="14" type="stmt"/>
          <line num="426" count="14" type="stmt"/>
          <line num="428" count="14" type="stmt"/>
          <line num="429" count="196" type="stmt"/>
          <line num="430" count="546" type="stmt"/>
          <line num="432" count="196" type="cond" truecount="2" falsecount="0"/>
          <line num="433" count="154" type="stmt"/>
          <line num="436" count="14" type="stmt"/>
        </file>
      </package>
      <package name="src.user-api">
        <metrics statements="69" coveredstatements="69" conditionals="102" coveredconditionals="79" methods="10" coveredmethods="10"/>
        <file name="index.js" path="C:\Users\lluna\bootcamp\collab\los-chicotes\skylab-bootcamp-201901\staff\groups\null\smart-fridge\src\user-api\index.js">
          <metrics statements="69" coveredstatements="69" conditionals="102" coveredconditionals="79" methods="10" coveredmethods="10"/>
          <line num="3" count="2" type="stmt"/>
          <line num="8" count="93" type="cond" truecount="1" falsecount="1"/>
          <line num="9" count="93" type="cond" truecount="1" falsecount="1"/>
          <line num="11" count="93" type="cond" truecount="1" falsecount="1"/>
          <line num="12" count="93" type="cond" truecount="1" falsecount="1"/>
          <line num="14" count="93" type="cond" truecount="1" falsecount="1"/>
          <line num="15" count="93" type="cond" truecount="1" falsecount="1"/>
          <line num="17" count="93" type="cond" truecount="1" falsecount="1"/>
          <line num="18" count="93" type="cond" truecount="1" falsecount="1"/>
          <line num="20" count="93" type="cond" truecount="1" falsecount="1"/>
          <line num="21" count="93" type="cond" truecount="1" falsecount="1"/>
          <line num="23" count="93" type="cond" truecount="1" falsecount="1"/>
          <line num="25" count="93" type="cond" truecount="1" falsecount="1"/>
          <line num="26" count="93" type="cond" truecount="1" falsecount="1"/>
          <line num="28" count="93" type="cond" truecount="1" falsecount="1"/>
          <line num="29" count="93" type="cond" truecount="1" falsecount="1"/>
          <line num="31" count="93" type="cond" truecount="1" falsecount="1"/>
          <line num="33" count="93" type="cond" truecount="3" falsecount="1"/>
          <line num="35" count="93" type="cond" truecount="1" falsecount="1"/>
          <line num="37" count="93" type="cond" truecount="3" falsecount="1"/>
          <line num="39" count="93" type="cond" truecount="1" falsecount="1"/>
          <line num="41" count="93" type="cond" truecount="1" falsecount="1"/>
          <line num="44" count="93" type="stmt"/>
          <line num="51" count="93" type="stmt"/>
          <line num="53" count="93" type="stmt"/>
          <line num="55" count="93" type="cond" truecount="2" falsecount="0"/>
          <line num="57" count="1" type="stmt"/>
          <line num="62" count="88" type="cond" truecount="2" falsecount="0"/>
          <line num="63" count="82" type="cond" truecount="2" falsecount="0"/>
          <line num="65" count="81" type="cond" truecount="2" falsecount="0"/>
          <line num="66" count="75" type="cond" truecount="2" falsecount="0"/>
          <line num="68" count="74" type="stmt"/>
          <line num="75" count="74" type="stmt"/>
          <line num="77" count="74" type="stmt"/>
          <line num="79" count="74" type="cond" truecount="2" falsecount="0"/>
          <line num="81" count="2" type="stmt"/>
          <line num="86" count="18" type="cond" truecount="2" falsecount="0"/>
          <line num="88" count="13" type="cond" truecount="2" falsecount="0"/>
          <line num="90" count="12" type="cond" truecount="2" falsecount="0"/>
          <line num="92" count="7" type="cond" truecount="2" falsecount="0"/>
          <line num="95" count="6" type="stmt"/>
          <line num="100" count="6" type="stmt"/>
          <line num="102" count="6" type="stmt"/>
          <line num="104" count="6" type="cond" truecount="2" falsecount="0"/>
          <line num="106" count="2" type="stmt"/>
          <line num="111" count="22" type="cond" truecount="2" falsecount="0"/>
          <line num="113" count="17" type="cond" truecount="2" falsecount="0"/>
          <line num="115" count="16" type="cond" truecount="2" falsecount="0"/>
          <line num="117" count="10" type="cond" truecount="2" falsecount="0"/>
          <line num="119" count="9" type="cond" truecount="4" falsecount="0"/>
          <line num="121" count="7" type="cond" truecount="2" falsecount="0"/>
          <line num="124" count="3" type="stmt"/>
          <line num="132" count="3" type="stmt"/>
          <line num="134" count="3" type="stmt"/>
          <line num="136" count="3" type="cond" truecount="2" falsecount="0"/>
          <line num="138" count="1" type="stmt"/>
          <line num="143" count="28" type="cond" truecount="2" falsecount="0"/>
          <line num="144" count="22" type="cond" truecount="1" falsecount="1"/>
          <line num="146" count="22" type="cond" truecount="2" falsecount="0"/>
          <line num="147" count="17" type="cond" truecount="1" falsecount="1"/>
          <line num="149" count="17" type="cond" truecount="2" falsecount="0"/>
          <line num="150" count="11" type="cond" truecount="2" falsecount="0"/>
          <line num="152" count="10" type="cond" truecount="2" falsecount="0"/>
          <line num="153" count="4" type="cond" truecount="2" falsecount="0"/>
          <line num="155" count="3" type="stmt"/>
          <line num="163" count="3" type="stmt"/>
          <line num="165" count="3" type="stmt"/>
          <line num="167" count="3" type="cond" truecount="2" falsecount="0"/>
          <line num="169" count="1" type="stmt"/>
        </file>
      </package>
    </metrics>
  </project>
</coverage>
