{"C:\\Users\\lluna\\bootcamp\\collab\\los-chicotes\\skylab-bootcamp-201901\\staff\\groups\\null\\smart-fridge\\src\\index.js": {"path":"C:\\Users\\lluna\\bootcamp\\collab\\los-chicotes\\skylab-bootcamp-201901\\staff\\groups\\null\\smart-fridge\\src\\index.js","statementMap":{"0":{"start":{"line":1,"column":0},"end":{"line":null,"column":-1}},"1":{"start":{"line":2,"column":0},"end":{"line":null,"column":-1}},"2":{"start":{"line":3,"column":0},"end":{"line":null,"column":-1}},"3":{"start":{"line":4,"column":0},"end":{"line":null,"column":-1}},"4":{"start":{"line":5,"column":0},"end":{"line":null,"column":-1}},"5":{"start":{"line":6,"column":0},"end":{"line":null,"column":-1}},"6":{"start":{"line":7,"column":0},"end":{"line":null,"column":-1}},"7":{"start":{"line":12,"column":0},"end":{"line":null,"column":-1}},"8":{"start":{"line":12,"column":24},"end":{"line":12,"column":0}},"9":{"start":{"line":13,"column":0},"end":{"line":null,"column":-1}},"10":{"start":{"line":13,"column":24},"end":{"line":13,"column":0}},"11":{"start":{"line":15,"column":0},"end":{"line":null,"column":-1}},"12":{"start":{"line":15,"column":33},"end":{"line":15,"column":0}},"13":{"start":{"line":16,"column":0},"end":{"line":null,"column":-1}},"14":{"start":{"line":16,"column":30},"end":{"line":16,"column":0}},"15":{"start":{"line":18,"column":0},"end":{"line":null,"column":-1}},"16":{"start":{"line":18,"column":24},"end":{"line":18,"column":0}},"17":{"start":{"line":19,"column":22},"end":{"line":19,"column":0}},"18":{"start":{"line":27,"column":0},"end":{"line":null,"column":-1}}},"fnMap":{"0":{"name":"(anonymous_0)","decl":{"start":{"line":12,"column":18},"end":{"line":12,"column":19}},"loc":{"start":{"line":12,"column":24},"end":{"line":12,"column":0}}},"1":{"name":"(anonymous_1)","decl":{"start":{"line":13,"column":18},"end":{"line":13,"column":23}},"loc":{"start":{"line":13,"column":24},"end":{"line":13,"column":0}}},"2":{"name":"(anonymous_2)","decl":{"start":{"line":15,"column":24},"end":{"line":15,"column":28}},"loc":{"start":{"line":15,"column":33},"end":{"line":15,"column":0}}},"3":{"name":"(anonymous_3)","decl":{"start":{"line":16,"column":24},"end":{"line":16,"column":29}},"loc":{"start":{"line":16,"column":30},"end":{"line":16,"column":0}}},"4":{"name":"(anonymous_4)","decl":{"start":{"line":18,"column":16},"end":{"line":18,"column":19}},"loc":{"start":{"line":18,"column":24},"end":{"line":18,"column":0}}},"5":{"name":"(anonymous_5)","decl":{"start":{"line":19,"column":16},"end":{"line":19,"column":21}},"loc":{"start":{"line":19,"column":22},"end":{"line":19,"column":0}}}},"branchMap":{"0":{"loc":{"start":{"line":12,"column":28},"end":{"line":12,"column":26}},"type":"cond-expr","locations":[{"start":{"line":12,"column":28},"end":{"line":12,"column":26}},{"start":{"line":12,"column":68},"end":{"line":12,"column":0}}]},"1":{"loc":{"start":{"line":15,"column":40},"end":{"line":15,"column":38}},"type":"cond-expr","locations":[{"start":{"line":15,"column":40},"end":{"line":15,"column":38}},{"start":{"line":15,"column":90},"end":{"line":15,"column":0}}]},"2":{"loc":{"start":{"line":18,"column":30},"end":{"line":18,"column":28}},"type":"cond-expr","locations":[{"start":{"line":18,"column":30},"end":{"line":18,"column":28}},{"start":{"line":18,"column":85},"end":{"line":18,"column":0}}]}},"s":{"0":0,"1":0,"2":0,"3":0,"4":0,"5":0,"6":0,"7":0,"8":0,"9":0,"10":0,"11":0,"12":0,"13":0,"14":0,"15":0,"16":0,"17":0,"18":0},"f":{"0":0,"1":0,"2":0,"3":0,"4":0,"5":0},"b":{"0":[0,0],"1":[0,0],"2":[0,0]}}
,"C:\\Users\\lluna\\bootcamp\\collab\\los-chicotes\\skylab-bootcamp-201901\\staff\\groups\\null\\smart-fridge\\src\\serviceWorker.js": {"path":"C:\\Users\\lluna\\bootcamp\\collab\\los-chicotes\\skylab-bootcamp-201901\\staff\\groups\\null\\smart-fridge\\src\\serviceWorker.js","statementMap":{"0":{"start":{"line":13,"column":20},"end":{"line":13,"column":0}},"1":{"start":{"line":24,"column":2},"end":{"line":54,"column":3}},"2":{"start":{"line":26,"column":22},"end":{"line":26,"column":4}},"3":{"start":{"line":27,"column":4},"end":{"line":32,"column":5}},"4":{"start":{"line":31,"column":6},"end":{"line":null,"column":-1}},"5":{"start":{"line":34,"column":4},"end":{"line":null,"column":-1}},"6":{"start":{"line":35,"column":21},"end":{"line":35,"column":6}},"7":{"start":{"line":37,"column":6},"end":{"line":52,"column":7}},"8":{"start":{"line":39,"column":8},"end":{"line":37,"column":23}},"9":{"start":{"line":43,"column":8},"end":{"line":null,"column":-1}},"10":{"start":{"line":44,"column":10},"end":{"line":null,"column":-1}},"11":{"start":{"line":51,"column":8},"end":{"line":null,"column":-1}},"12":{"start":{"line":58,"column":2},"end":{"line":null,"column":-1}},"13":{"start":{"line":61,"column":6},"end":{"line":null,"column":-1}},"14":{"start":{"line":62,"column":33},"end":{"line":62,"column":8}},"15":{"start":{"line":63,"column":8},"end":{"line":65,"column":9}},"16":{"start":{"line":64,"column":10},"end":{"line":null,"column":-1}},"17":{"start":{"line":66,"column":8},"end":{"line":null,"column":-1}},"18":{"start":{"line":67,"column":10},"end":{"line":92,"column":11}},"19":{"start":{"line":68,"column":12},"end":{"line":91,"column":13}},"20":{"start":{"line":72,"column":14},"end":{"line":68,"column":52}},"21":{"start":{"line":78,"column":14},"end":{"line":80,"column":15}},"22":{"start":{"line":79,"column":16},"end":{"line":null,"column":-1}},"23":{"start":{"line":85,"column":14},"end":{"line":81,"column":19}},"24":{"start":{"line":88,"column":14},"end":{"line":90,"column":15}},"25":{"start":{"line":89,"column":16},"end":{"line":null,"column":-1}},"26":{"start":{"line":97,"column":6},"end":{"line":null,"column":-1}},"27":{"start":{"line":103,"column":2},"end":{"line":null,"column":-1}},"28":{"start":{"line":106,"column":26},"end":{"line":106,"column":6}},"29":{"start":{"line":107,"column":6},"end":{"line":120,"column":7}},"30":{"start":{"line":112,"column":8},"end":{"line":null,"column":-1}},"31":{"start":{"line":113,"column":10},"end":{"line":null,"column":-1}},"32":{"start":{"line":114,"column":12},"end":{"line":null,"column":-1}},"33":{"start":{"line":119,"column":8},"end":{"line":null,"column":-1}},"34":{"start":{"line":123,"column":6},"end":{"line":null,"column":-1}},"35":{"start":{"line":130,"column":2},"end":{"line":134,"column":3}},"36":{"start":{"line":131,"column":4},"end":{"line":null,"column":-1}},"37":{"start":{"line":132,"column":6},"end":{"line":null,"column":-1}}},"fnMap":{"0":{"name":"register","decl":{"start":{"line":23,"column":16},"end":{"line":23,"column":7}},"loc":{"start":{"line":23,"column":33},"end":{"line":55,"column":1}}},"1":{"name":"(anonymous_1)","decl":{"start":{"line":34,"column":36},"end":{"line":34,"column":41}},"loc":{"start":{"line":34,"column":42},"end":{"line":34,"column":4}}},"2":{"name":"(anonymous_2)","decl":{"start":{"line":43,"column":43},"end":{"line":43,"column":48}},"loc":{"start":{"line":43,"column":49},"end":{"line":43,"column":8}}},"3":{"name":"registerValidSW","decl":{"start":{"line":57,"column":9},"end":{"line":57,"column":0}},"loc":{"start":{"line":57,"column":40},"end":{"line":99,"column":1}}},"4":{"name":"(anonymous_4)","decl":{"start":{"line":60,"column":10},"end":{"line":60,"column":21}},"loc":{"start":{"line":60,"column":26},"end":{"line":58,"column":2}}},"5":{"name":"(anonymous_5)","decl":{"start":{"line":61,"column":35},"end":{"line":61,"column":40}},"loc":{"start":{"line":61,"column":41},"end":{"line":61,"column":6}}},"6":{"name":"(anonymous_6)","decl":{"start":{"line":66,"column":41},"end":{"line":66,"column":46}},"loc":{"start":{"line":66,"column":47},"end":{"line":66,"column":8}}},"7":{"name":"(anonymous_7)","decl":{"start":{"line":96,"column":11},"end":{"line":96,"column":15}},"loc":{"start":{"line":96,"column":20},"end":{"line":58,"column":2}}},"8":{"name":"checkValidServiceWorker","decl":{"start":{"line":101,"column":9},"end":{"line":101,"column":0}},"loc":{"start":{"line":101,"column":48},"end":{"line":127,"column":1}}},"9":{"name":"(anonymous_9)","decl":{"start":{"line":104,"column":10},"end":{"line":104,"column":17}},"loc":{"start":{"line":104,"column":22},"end":{"line":103,"column":2}}},"10":{"name":"(anonymous_10)","decl":{"start":{"line":112,"column":43},"end":{"line":112,"column":54}},"loc":{"start":{"line":112,"column":59},"end":{"line":112,"column":8}}},"11":{"name":"(anonymous_11)","decl":{"start":{"line":113,"column":41},"end":{"line":113,"column":46}},"loc":{"start":{"line":113,"column":47},"end":{"line":113,"column":10}}},"12":{"name":"(anonymous_12)","decl":{"start":{"line":122,"column":11},"end":{"line":122,"column":16}},"loc":{"start":{"line":122,"column":17},"end":{"line":103,"column":2}}},"13":{"name":"unregister","decl":{"start":{"line":129,"column":16},"end":{"line":129,"column":7}},"loc":{"start":{"line":129,"column":29},"end":{"line":135,"column":1}}},"14":{"name":"(anonymous_14)","decl":{"start":{"line":131,"column":39},"end":{"line":131,"column":50}},"loc":{"start":{"line":131,"column":55},"end":{"line":131,"column":4}}}},"branchMap":{"0":{"loc":{"start":{"line":14,"column":2},"end":{"line":14,"column":1}},"type":"binary-expr","locations":[{"start":{"line":14,"column":2},"end":{"line":14,"column":1}},{"start":{"line":16,"column":4},"end":{"line":14,"column":2}},{"start":{"line":18,"column":4},"end":{"line":13,"column":27}}]},"1":{"loc":{"start":{"line":24,"column":2},"end":{"line":54,"column":3}},"type":"if","locations":[{"start":{"line":24,"column":2},"end":{"line":54,"column":3}},{"start":{"line":24,"column":2},"end":{"line":54,"column":3}}]},"2":{"loc":{"start":{"line":24,"column":6},"end":{"line":24,"column":5}},"type":"binary-expr","locations":[{"start":{"line":24,"column":6},"end":{"line":24,"column":5}},{"start":{"line":24,"column":47},"end":{"line":24,"column":2}}]},"3":{"loc":{"start":{"line":27,"column":4},"end":{"line":32,"column":5}},"type":"if","locations":[{"start":{"line":27,"column":4},"end":{"line":32,"column":5}},{"start":{"line":27,"column":4},"end":{"line":32,"column":5}}]},"4":{"loc":{"start":{"line":37,"column":6},"end":{"line":52,"column":7}},"type":"if","locations":[{"start":{"line":37,"column":6},"end":{"line":52,"column":7}},{"start":{"line":37,"column":6},"end":{"line":52,"column":7}}]},"5":{"loc":{"start":{"line":63,"column":8},"end":{"line":65,"column":9}},"type":"if","locations":[{"start":{"line":63,"column":8},"end":{"line":65,"column":9}},{"start":{"line":63,"column":8},"end":{"line":65,"column":9}}]},"6":{"loc":{"start":{"line":67,"column":10},"end":{"line":92,"column":11}},"type":"if","locations":[{"start":{"line":67,"column":10},"end":{"line":92,"column":11}},{"start":{"line":67,"column":10},"end":{"line":92,"column":11}}]},"7":{"loc":{"start":{"line":68,"column":12},"end":{"line":91,"column":13}},"type":"if","locations":[{"start":{"line":68,"column":12},"end":{"line":91,"column":13}},{"start":{"line":68,"column":12},"end":{"line":91,"column":13}}]},"8":{"loc":{"start":{"line":78,"column":14},"end":{"line":80,"column":15}},"type":"if","locations":[{"start":{"line":78,"column":14},"end":{"line":80,"column":15}},{"start":{"line":78,"column":14},"end":{"line":80,"column":15}}]},"9":{"loc":{"start":{"line":78,"column":18},"end":{"line":78,"column":24}},"type":"binary-expr","locations":[{"start":{"line":78,"column":18},"end":{"line":78,"column":24}},{"start":{"line":78,"column":28},"end":{"line":78,"column":14}}]},"10":{"loc":{"start":{"line":88,"column":14},"end":{"line":90,"column":15}},"type":"if","locations":[{"start":{"line":88,"column":14},"end":{"line":90,"column":15}},{"start":{"line":88,"column":14},"end":{"line":90,"column":15}}]},"11":{"loc":{"start":{"line":88,"column":18},"end":{"line":88,"column":24}},"type":"binary-expr","locations":[{"start":{"line":88,"column":18},"end":{"line":88,"column":24}},{"start":{"line":88,"column":28},"end":{"line":88,"column":14}}]},"12":{"loc":{"start":{"line":107,"column":6},"end":{"line":120,"column":7}},"type":"if","locations":[{"start":{"line":107,"column":6},"end":{"line":120,"column":7}},{"start":{"line":107,"column":6},"end":{"line":120,"column":7}}]},"13":{"loc":{"start":{"line":108,"column":8},"end":{"line":108,"column":7}},"type":"binary-expr","locations":[{"start":{"line":108,"column":8},"end":{"line":108,"column":7}},{"start":{"line":109,"column":9},"end":{"line":109,"column":8}},{"start":{"line":109,"column":32},"end":{"line":107,"column":6}}]},"14":{"loc":{"start":{"line":130,"column":2},"end":{"line":134,"column":3}},"type":"if","locations":[{"start":{"line":130,"column":2},"end":{"line":134,"column":3}},{"start":{"line":130,"column":2},"end":{"line":134,"column":3}}]}},"s":{"0":0,"1":0,"2":0,"3":0,"4":0,"5":0,"6":0,"7":0,"8":0,"9":0,"10":0,"11":0,"12":0,"13":0,"14":0,"15":0,"16":0,"17":0,"18":0,"19":0,"20":0,"21":0,"22":0,"23":0,"24":0,"25":0,"26":0,"27":0,"28":0,"29":0,"30":0,"31":0,"32":0,"33":0,"34":0,"35":0,"36":0,"37":0},"f":{"0":0,"1":0,"2":0,"3":0,"4":0,"5":0,"6":0,"7":0,"8":0,"9":0,"10":0,"11":0,"12":0,"13":0,"14":0},"b":{"0":[0,0,0],"1":[0,0],"2":[0,0],"3":[0,0],"4":[0,0],"5":[0,0],"6":[0,0],"7":[0,0],"8":[0,0],"9":[0,0],"10":[0,0],"11":[0,0],"12":[0,0],"13":[0,0,0],"14":[0,0]}}
,"C:\\Users\\lluna\\bootcamp\\collab\\los-chicotes\\skylab-bootcamp-201901\\staff\\groups\\null\\smart-fridge\\src\\Components\\App\\index.js": {"path":"C:\\Users\\lluna\\bootcamp\\collab\\los-chicotes\\skylab-bootcamp-201901\\staff\\groups\\null\\smart-fridge\\src\\Components\\App\\index.js","statementMap":{"0":{"start":{"line":1,"column":0},"end":{"line":null,"column":-1}},"1":{"start":{"line":2,"column":0},"end":{"line":null,"column":-1}},"2":{"start":{"line":3,"column":0},"end":{"line":null,"column":-1}},"3":{"start":{"line":4,"column":0},"end":{"line":null,"column":-1}},"4":{"start":{"line":5,"column":0},"end":{"line":null,"column":-1}},"5":{"start":{"line":6,"column":0},"end":{"line":null,"column":-1}},"6":{"start":{"line":8,"column":28},"end":{"line":null,"column":-1}},"7":{"start":{"line":11,"column":4},"end":{"line":null,"column":-1}},"8":{"start":{"line":13,"column":4},"end":{"line":null,"column":-1}},"9":{"start":{"line":18,"column":4},"end":{"line":null,"column":-1}},"10":{"start":{"line":20,"column":52},"end":{"line":20,"column":17}},"11":{"start":{"line":21,"column":53},"end":{"line":21,"column":17}}},"fnMap":{"0":{"name":"(anonymous_0)","decl":{"start":{"line":8,"column":28},"end":{"line":null,"column":-1}},"loc":{"start":{"line":8,"column":28},"end":{"line":null,"column":-1}}},"1":{"name":"(anonymous_1)","decl":{"start":{"line":10,"column":17},"end":{"line":10,"column":22}},"loc":{"start":{"line":10,"column":23},"end":{"line":8,"column":28}}},"2":{"name":"(anonymous_2)","decl":{"start":{"line":16,"column":2},"end":{"line":16,"column":7}},"loc":{"start":{"line":16,"column":11},"end":{"line":24,"column":3}}},"3":{"name":"(anonymous_3)","decl":{"start":{"line":20,"column":45},"end":{"line":20,"column":51}},"loc":{"start":{"line":20,"column":52},"end":{"line":20,"column":17}}},"4":{"name":"(anonymous_4)","decl":{"start":{"line":21,"column":46},"end":{"line":21,"column":52}},"loc":{"start":{"line":21,"column":53},"end":{"line":21,"column":17}}}},"branchMap":{"0":{"loc":{"start":{"line":20,"column":73},"end":{"line":20,"column":52}},"type":"cond-expr","locations":[{"start":{"line":20,"column":73},"end":{"line":20,"column":52}},{"start":{"line":20,"column":113},"end":{"line":20,"column":17}}]},"1":{"loc":{"start":{"line":21,"column":74},"end":{"line":21,"column":53}},"type":"cond-expr","locations":[{"start":{"line":21,"column":74},"end":{"line":21,"column":53}},{"start":{"line":21,"column":100},"end":{"line":21,"column":17}}]}},"s":{"0":0,"1":0,"2":0,"3":0,"4":0,"5":0,"6":0,"7":0,"8":0,"9":0,"10":0,"11":0},"f":{"0":0,"1":0,"2":0,"3":0,"4":0},"b":{"0":[0,0],"1":[0,0]}}
,"C:\\Users\\lluna\\bootcamp\\collab\\los-chicotes\\skylab-bootcamp-201901\\staff\\groups\\null\\smart-fridge\\src\\Components\\Detail\\index.js": {"path":"C:\\Users\\lluna\\bootcamp\\collab\\los-chicotes\\skylab-bootcamp-201901\\staff\\groups\\null\\smart-fridge\\src\\Components\\Detail\\index.js","statementMap":{"0":{"start":{"line":1,"column":0},"end":{"line":null,"column":-1}},"1":{"start":{"line":2,"column":0},"end":{"line":null,"column":-1}},"2":{"start":{"line":7,"column":51},"end":{"line":6,"column":13}},"3":{"start":{"line":6,"column":13},"end":{"line":6,"column":12}},"4":{"start":{"line":9,"column":8},"end":{"line":null,"column":-1}},"5":{"start":{"line":35,"column":32},"end":{"line":34,"column":28}},"6":{"start":{"line":46,"column":32},"end":{"line":45,"column":28}}},"fnMap":{"0":{"name":"(anonymous_0)","decl":{"start":{"line":6,"column":4},"end":{"line":6,"column":9}},"loc":{"start":{"line":6,"column":13},"end":{"line":55,"column":5}}},"1":{"name":"(anonymous_1)","decl":{"start":{"line":34,"column":51},"end":{"line":34,"column":60}},"loc":{"start":{"line":35,"column":32},"end":{"line":34,"column":28}}},"2":{"name":"(anonymous_2)","decl":{"start":{"line":45,"column":53},"end":{"line":45,"column":62}},"loc":{"start":{"line":46,"column":32},"end":{"line":45,"column":28}}}},"branchMap":{"0":{"loc":{"start":{"line":19,"column":48},"end":{"line":19,"column":29}},"type":"cond-expr","locations":[{"start":{"line":19,"column":48},"end":{"line":19,"column":29}},{"start":{"line":19,"column":206},"end":{"line":18,"column":24}}]}},"s":{"0":0,"1":0,"2":0,"3":0,"4":0,"5":0,"6":0},"f":{"0":0,"1":0,"2":0},"b":{"0":[0,0]}}
,"C:\\Users\\lluna\\bootcamp\\collab\\los-chicotes\\skylab-bootcamp-201901\\staff\\groups\\null\\smart-fridge\\src\\Components\\EditProfile\\index.js": {"path":"C:\\Users\\lluna\\bootcamp\\collab\\los-chicotes\\skylab-bootcamp-201901\\staff\\groups\\null\\smart-fridge\\src\\Components\\EditProfile\\index.js","statementMap":{"0":{"start":{"line":1,"column":0},"end":{"line":null,"column":-1}},"1":{"start":{"line":2,"column":0},"end":{"line":null,"column":-1}},"2":{"start":{"line":4,"column":42},"end":{"line":null,"column":-1}},"3":{"start":{"line":19,"column":31},"end":{"line":4,"column":42}},"4":{"start":{"line":20,"column":34},"end":{"line":4,"column":42}},"5":{"start":{"line":22,"column":32},"end":{"line":4,"column":42}},"6":{"start":{"line":23,"column":32},"end":{"line":4,"column":42}},"7":{"start":{"line":24,"column":32},"end":{"line":4,"column":42}},"8":{"start":{"line":25,"column":31},"end":{"line":4,"column":42}},"9":{"start":{"line":26,"column":36},"end":{"line":4,"column":42}},"10":{"start":{"line":30,"column":8},"end":{"line":null,"column":-1}},"11":{"start":{"line":32,"column":117},"end":{"line":29,"column":32}},"12":{"start":{"line":29,"column":32},"end":{"line":29,"column":31}},"13":{"start":{"line":34,"column":20},"end":{"line":34,"column":8}},"14":{"start":{"line":44,"column":8},"end":{"line":null,"column":-1}},"15":{"start":{"line":53,"column":94},"end":{"line":52,"column":17}},"16":{"start":{"line":52,"column":17},"end":{"line":52,"column":16}},"17":{"start":{"line":55,"column":21},"end":{"line":55,"column":12}},"18":{"start":{"line":57,"column":9},"end":{"line":null,"column":-1}},"19":{"start":{"line":64,"column":8},"end":{"line":null,"column":-1}},"20":{"start":{"line":66,"column":8},"end":{"line":null,"column":-1}},"21":{"start":{"line":70,"column":8},"end":{"line":null,"column":-1}}},"fnMap":{"0":{"name":"(anonymous_0)","decl":{"start":{"line":4,"column":42},"end":{"line":null,"column":-1}},"loc":{"start":{"line":4,"column":42},"end":{"line":null,"column":-1}}},"1":{"name":"(anonymous_1)","decl":{"start":{"line":19,"column":22},"end":{"line":19,"column":26}},"loc":{"start":{"line":19,"column":31},"end":{"line":4,"column":42}}},"2":{"name":"(anonymous_2)","decl":{"start":{"line":20,"column":25},"end":{"line":20,"column":29}},"loc":{"start":{"line":20,"column":34},"end":{"line":4,"column":42}}},"3":{"name":"(anonymous_3)","decl":{"start":{"line":22,"column":23},"end":{"line":22,"column":27}},"loc":{"start":{"line":22,"column":32},"end":{"line":4,"column":42}}},"4":{"name":"(anonymous_4)","decl":{"start":{"line":23,"column":23},"end":{"line":23,"column":27}},"loc":{"start":{"line":23,"column":32},"end":{"line":4,"column":42}}},"5":{"name":"(anonymous_5)","decl":{"start":{"line":24,"column":23},"end":{"line":24,"column":27}},"loc":{"start":{"line":24,"column":32},"end":{"line":4,"column":42}}},"6":{"name":"(anonymous_6)","decl":{"start":{"line":25,"column":22},"end":{"line":25,"column":26}},"loc":{"start":{"line":25,"column":31},"end":{"line":4,"column":42}}},"7":{"name":"(anonymous_7)","decl":{"start":{"line":26,"column":27},"end":{"line":26,"column":31}},"loc":{"start":{"line":26,"column":36},"end":{"line":4,"column":42}}},"8":{"name":"(anonymous_8)","decl":{"start":{"line":29,"column":23},"end":{"line":29,"column":27}},"loc":{"start":{"line":29,"column":32},"end":{"line":4,"column":42}}},"9":{"name":"(anonymous_9)","decl":{"start":{"line":52,"column":11},"end":{"line":52,"column":16}},"loc":{"start":{"line":52,"column":17},"end":{"line":44,"column":8}}},"10":{"name":"(anonymous_10)","decl":{"start":{"line":63,"column":25},"end":{"line":63,"column":29}},"loc":{"start":{"line":63,"column":34},"end":{"line":4,"column":42}}},"11":{"name":"(anonymous_11)","decl":{"start":{"line":69,"column":4},"end":{"line":69,"column":9}},"loc":{"start":{"line":69,"column":13},"end":{"line":123,"column":5}}}},"branchMap":{"0":{"loc":{"start":{"line":45,"column":18},"end":{"line":45,"column":22}},"type":"binary-expr","locations":[{"start":{"line":45,"column":18},"end":{"line":45,"column":22}},{"start":{"line":45,"column":26},"end":{"line":44,"column":22}}]},"1":{"loc":{"start":{"line":46,"column":21},"end":{"line":46,"column":28}},"type":"binary-expr","locations":[{"start":{"line":46,"column":21},"end":{"line":46,"column":28}},{"start":{"line":46,"column":32},"end":{"line":44,"column":22}}]},"2":{"loc":{"start":{"line":47,"column":20},"end":{"line":47,"column":26}},"type":"binary-expr","locations":[{"start":{"line":47,"column":20},"end":{"line":47,"column":26}},{"start":{"line":47,"column":30},"end":{"line":44,"column":22}}]},"3":{"loc":{"start":{"line":48,"column":20},"end":{"line":48,"column":26}},"type":"binary-expr","locations":[{"start":{"line":48,"column":20},"end":{"line":48,"column":26}},{"start":{"line":48,"column":30},"end":{"line":44,"column":22}}]},"4":{"loc":{"start":{"line":49,"column":20},"end":{"line":49,"column":26}},"type":"binary-expr","locations":[{"start":{"line":49,"column":20},"end":{"line":49,"column":26}},{"start":{"line":49,"column":30},"end":{"line":44,"column":22}}]},"5":{"loc":{"start":{"line":50,"column":23},"end":{"line":50,"column":32}},"type":"binary-expr","locations":[{"start":{"line":50,"column":23},"end":{"line":50,"column":32}},{"start":{"line":50,"column":36},"end":{"line":44,"column":22}}]},"6":{"loc":{"start":{"line":51,"column":23},"end":{"line":51,"column":32}},"type":"binary-expr","locations":[{"start":{"line":51,"column":23},"end":{"line":51,"column":32}},{"start":{"line":51,"column":36},"end":{"line":51,"column":41}}]}},"s":{"0":0,"1":0,"2":0,"3":0,"4":0,"5":0,"6":0,"7":0,"8":0,"9":0,"10":0,"11":0,"12":0,"13":0,"14":0,"15":0,"16":0,"17":0,"18":0,"19":0,"20":0,"21":0},"f":{"0":0,"1":0,"2":0,"3":0,"4":0,"5":0,"6":0,"7":0,"8":0,"9":0,"10":0,"11":0},"b":{"0":[0,0],"1":[0,0],"2":[0,0],"3":[0,0],"4":[0,0],"5":[0,0],"6":[0,0]}}
,"C:\\Users\\lluna\\bootcamp\\collab\\los-chicotes\\skylab-bootcamp-201901\\staff\\groups\\null\\smart-fridge\\src\\Components\\Feedback\\index.js": {"path":"C:\\Users\\lluna\\bootcamp\\collab\\los-chicotes\\skylab-bootcamp-201901\\staff\\groups\\null\\smart-fridge\\src\\Components\\Feedback\\index.js","statementMap":{"0":{"start":{"line":1,"column":0},"end":{"line":null,"column":-1}},"1":{"start":{"line":2,"column":0},"end":{"line":null,"column":-1}},"2":{"start":{"line":4,"column":39},"end":{"line":null,"column":-1}},"3":{"start":{"line":7,"column":8},"end":{"line":null,"column":-1}},"4":{"start":{"line":8,"column":8},"end":{"line":null,"column":-1}},"5":{"start":{"line":14,"column":7},"end":{"line":null,"column":-1}}},"fnMap":{"0":{"name":"(anonymous_0)","decl":{"start":{"line":4,"column":39},"end":{"line":null,"column":-1}},"loc":{"start":{"line":4,"column":39},"end":{"line":null,"column":-1}}},"1":{"name":"(anonymous_1)","decl":{"start":{"line":6,"column":26},"end":{"line":6,"column":30}},"loc":{"start":{"line":6,"column":33},"end":{"line":4,"column":39}}},"2":{"name":"(anonymous_2)","decl":{"start":{"line":12,"column":4},"end":{"line":12,"column":9}},"loc":{"start":{"line":12,"column":13},"end":{"line":22,"column":5}}}},"branchMap":{},"s":{"0":0,"1":0,"2":0,"3":0,"4":0,"5":0},"f":{"0":0,"1":0,"2":0},"b":{}}
,"C:\\Users\\lluna\\bootcamp\\collab\\los-chicotes\\skylab-bootcamp-201901\\staff\\groups\\null\\smart-fridge\\src\\Components\\Home\\index.js": {"path":"C:\\Users\\lluna\\bootcamp\\collab\\los-chicotes\\skylab-bootcamp-201901\\staff\\groups\\null\\smart-fridge\\src\\Components\\Home\\index.js","statementMap":{"0":{"start":{"line":1,"column":0},"end":{"line":null,"column":-1}},"1":{"start":{"line":2,"column":0},"end":{"line":null,"column":-1}},"2":{"start":{"line":3,"column":0},"end":{"line":null,"column":-1}},"3":{"start":{"line":4,"column":0},"end":{"line":null,"column":-1}},"4":{"start":{"line":5,"column":0},"end":{"line":null,"column":-1}},"5":{"start":{"line":6,"column":0},"end":{"line":null,"column":-1}},"6":{"start":{"line":7,"column":0},"end":{"line":null,"column":-1}},"7":{"start":{"line":8,"column":0},"end":{"line":null,"column":-1}},"8":{"start":{"line":9,"column":0},"end":{"line":null,"column":-1}},"9":{"start":{"line":10,"column":0},"end":{"line":null,"column":-1}},"10":{"start":{"line":13,"column":34},"end":{"line":null,"column":-1}},"11":{"start":{"line":18,"column":22},"end":{"line":18,"column":8}},"12":{"start":{"line":19,"column":8},"end":{"line":32,"column":9}},"13":{"start":{"line":20,"column":12},"end":{"line":null,"column":-1}},"14":{"start":{"line":22,"column":20},"end":{"line":null,"column":-1}},"15":{"start":{"line":22,"column":61},"end":{"line":22,"column":20}},"16":{"start":{"line":25,"column":20},"end":{"line":null,"column":-1}},"17":{"start":{"line":25,"column":65},"end":{"line":25,"column":20}},"18":{"start":{"line":26,"column":20},"end":{"line":null,"column":-1}},"19":{"start":{"line":30,"column":12},"end":{"line":null,"column":-1}},"20":{"start":{"line":36,"column":8},"end":{"line":null,"column":-1}},"21":{"start":{"line":37,"column":7},"end":{"line":null,"column":-1}},"22":{"start":{"line":41,"column":8},"end":{"line":null,"column":-1}},"23":{"start":{"line":45,"column":8},"end":{"line":null,"column":-1}},"24":{"start":{"line":49,"column":8},"end":{"line":59,"column":9}},"25":{"start":{"line":50,"column":12},"end":{"line":null,"column":-1}},"26":{"start":{"line":51,"column":29},"end":{"line":50,"column":12}},"27":{"start":{"line":53,"column":20},"end":{"line":null,"column":-1}},"28":{"start":{"line":55,"column":40},"end":{"line":50,"column":12}},"29":{"start":{"line":57,"column":30},"end":{"line":57,"column":29}},"30":{"start":{"line":58,"column":12},"end":{"line":null,"column":-1}},"31":{"start":{"line":64,"column":8},"end":{"line":null,"column":-1}},"32":{"start":{"line":65,"column":8},"end":{"line":null,"column":-1}},"33":{"start":{"line":69,"column":8},"end":{"line":null,"column":-1}},"34":{"start":{"line":70,"column":8},"end":{"line":null,"column":-1}},"35":{"start":{"line":75,"column":34},"end":{"line":73,"column":34}},"36":{"start":{"line":77,"column":8},"end":{"line":86,"column":9}},"37":{"start":{"line":78,"column":23},"end":{"line":78,"column":12}},"38":{"start":{"line":80,"column":32},"end":{"line":80,"column":12}},"39":{"start":{"line":81,"column":12},"end":{"line":null,"column":-1}},"40":{"start":{"line":82,"column":12},"end":{"line":null,"column":-1}},"41":{"start":{"line":85,"column":12},"end":{"line":null,"column":-1}},"42":{"start":{"line":90,"column":77},"end":{"line":89,"column":12}},"43":{"start":{"line":89,"column":12},"end":{"line":89,"column":11}},"44":{"start":{"line":92,"column":8},"end":{"line":null,"column":-1}},"45":{"start":{"line":94,"column":58},"end":{"line":94,"column":17}},"46":{"start":{"line":95,"column":60},"end":{"line":95,"column":17}},"47":{"start":{"line":96,"column":65},"end":{"line":96,"column":17}},"48":{"start":{"line":97,"column":65},"end":{"line":97,"column":17}},"49":{"start":{"line":98,"column":60},"end":{"line":98,"column":17}}},"fnMap":{"0":{"name":"(anonymous_0)","decl":{"start":{"line":13,"column":34},"end":{"line":null,"column":-1}},"loc":{"start":{"line":13,"column":34},"end":{"line":null,"column":-1}}},"1":{"name":"(anonymous_1)","decl":{"start":{"line":17,"column":20},"end":{"line":17,"column":21}},"loc":{"start":{"line":17,"column":56},"end":{"line":13,"column":34}}},"2":{"name":"(anonymous_2)","decl":{"start":{"line":21,"column":22},"end":{"line":21,"column":28}},"loc":{"start":{"line":21,"column":32},"end":{"line":20,"column":12}}},"3":{"name":"(anonymous_3)","decl":{"start":{"line":22,"column":56},"end":{"line":22,"column":60}},"loc":{"start":{"line":22,"column":61},"end":{"line":22,"column":20}}},"4":{"name":"(anonymous_4)","decl":{"start":{"line":24,"column":23},"end":{"line":24,"column":24}},"loc":{"start":{"line":24,"column":37},"end":{"line":20,"column":12}}},"5":{"name":"(anonymous_5)","decl":{"start":{"line":25,"column":60},"end":{"line":25,"column":64}},"loc":{"start":{"line":25,"column":65},"end":{"line":25,"column":20}}},"6":{"name":"(anonymous_6)","decl":{"start":{"line":35,"column":18},"end":{"line":35,"column":23}},"loc":{"start":{"line":35,"column":24},"end":{"line":13,"column":34}}},"7":{"name":"(anonymous_7)","decl":{"start":{"line":40,"column":30},"end":{"line":40,"column":35}},"loc":{"start":{"line":40,"column":36},"end":{"line":13,"column":34}}},"8":{"name":"(anonymous_8)","decl":{"start":{"line":44,"column":25},"end":{"line":44,"column":30}},"loc":{"start":{"line":44,"column":31},"end":{"line":13,"column":34}}},"9":{"name":"(anonymous_9)","decl":{"start":{"line":48,"column":24},"end":{"line":48,"column":27}},"loc":{"start":{"line":48,"column":31},"end":{"line":13,"column":34}}},"10":{"name":"(anonymous_10)","decl":{"start":{"line":51,"column":23},"end":{"line":51,"column":28}},"loc":{"start":{"line":51,"column":29},"end":{"line":50,"column":12}}},"11":{"name":"(anonymous_11)","decl":{"start":{"line":52,"column":23},"end":{"line":52,"column":26}},"loc":{"start":{"line":52,"column":31},"end":{"line":50,"column":12}}},"12":{"name":"(anonymous_12)","decl":{"start":{"line":55,"column":23},"end":{"line":55,"column":24}},"loc":{"start":{"line":55,"column":40},"end":{"line":50,"column":12}}},"13":{"name":"(anonymous_13)","decl":{"start":{"line":63,"column":23},"end":{"line":63,"column":26}},"loc":{"start":{"line":63,"column":27},"end":{"line":13,"column":34}}},"14":{"name":"(anonymous_14)","decl":{"start":{"line":68,"column":21},"end":{"line":68,"column":24}},"loc":{"start":{"line":68,"column":25},"end":{"line":13,"column":34}}},"15":{"name":"(anonymous_15)","decl":{"start":{"line":73,"column":21},"end":{"line":73,"column":29}},"loc":{"start":{"line":73,"column":34},"end":{"line":13,"column":34}}},"16":{"name":"(anonymous_16)","decl":{"start":{"line":89,"column":4},"end":{"line":89,"column":9}},"loc":{"start":{"line":89,"column":12},"end":{"line":100,"column":5}}},"17":{"name":"(anonymous_17)","decl":{"start":{"line":94,"column":51},"end":{"line":94,"column":57}},"loc":{"start":{"line":94,"column":58},"end":{"line":94,"column":17}}},"18":{"name":"(anonymous_18)","decl":{"start":{"line":95,"column":53},"end":{"line":95,"column":59}},"loc":{"start":{"line":95,"column":60},"end":{"line":95,"column":17}}},"19":{"name":"(anonymous_19)","decl":{"start":{"line":96,"column":58},"end":{"line":96,"column":64}},"loc":{"start":{"line":96,"column":65},"end":{"line":96,"column":17}}},"20":{"name":"(anonymous_20)","decl":{"start":{"line":97,"column":58},"end":{"line":97,"column":64}},"loc":{"start":{"line":97,"column":65},"end":{"line":97,"column":17}}},"21":{"name":"(anonymous_21)","decl":{"start":{"line":98,"column":54},"end":{"line":98,"column":59}},"loc":{"start":{"line":98,"column":60},"end":{"line":98,"column":17}}}},"branchMap":{"0":{"loc":{"start":{"line":94,"column":79},"end":{"line":94,"column":58}},"type":"cond-expr","locations":[{"start":{"line":94,"column":79},"end":{"line":94,"column":58}},{"start":{"line":94,"column":128},"end":{"line":94,"column":17}}]},"1":{"loc":{"start":{"line":95,"column":81},"end":{"line":95,"column":60}},"type":"cond-expr","locations":[{"start":{"line":95,"column":81},"end":{"line":95,"column":60}},{"start":{"line":95,"column":176},"end":{"line":95,"column":17}}]},"2":{"loc":{"start":{"line":96,"column":97},"end":{"line":96,"column":64}},"type":"cond-expr","locations":[{"start":{"line":96,"column":97},"end":{"line":96,"column":64}},{"start":{"line":96,"column":160},"end":{"line":96,"column":17}}]},"3":{"loc":{"start":{"line":96,"column":65},"end":{"line":96,"column":64}},"type":"binary-expr","locations":[{"start":{"line":96,"column":65},"end":{"line":96,"column":64}},{"start":{"line":96,"column":86},"end":{"line":96,"column":64}}]},"4":{"loc":{"start":{"line":97,"column":96},"end":{"line":97,"column":64}},"type":"cond-expr","locations":[{"start":{"line":97,"column":96},"end":{"line":97,"column":64}},{"start":{"line":97,"column":154},"end":{"line":97,"column":17}}]},"5":{"loc":{"start":{"line":97,"column":65},"end":{"line":97,"column":64}},"type":"binary-expr","locations":[{"start":{"line":97,"column":65},"end":{"line":97,"column":64}},{"start":{"line":97,"column":87},"end":{"line":97,"column":64}}]},"6":{"loc":{"start":{"line":98,"column":98},"end":{"line":98,"column":59}},"type":"cond-expr","locations":[{"start":{"line":98,"column":98},"end":{"line":98,"column":59}},{"start":{"line":98,"column":174},"end":{"line":98,"column":17}}]},"7":{"loc":{"start":{"line":98,"column":60},"end":{"line":98,"column":59}},"type":"binary-expr","locations":[{"start":{"line":98,"column":60},"end":{"line":98,"column":59}},{"start":{"line":98,"column":82},"end":{"line":98,"column":59}}]}},"s":{"0":0,"1":0,"2":0,"3":0,"4":0,"5":0,"6":0,"7":0,"8":0,"9":0,"10":0,"11":0,"12":0,"13":0,"14":0,"15":0,"16":0,"17":0,"18":0,"19":0,"20":0,"21":0,"22":0,"23":0,"24":0,"25":0,"26":0,"27":0,"28":0,"29":0,"30":0,"31":0,"32":0,"33":0,"34":0,"35":0,"36":0,"37":0,"38":0,"39":0,"40":0,"41":0,"42":0,"43":0,"44":0,"45":0,"46":0,"47":0,"48":0,"49":0},"f":{"0":0,"1":0,"2":0,"3":0,"4":0,"5":0,"6":0,"7":0,"8":0,"9":0,"10":0,"11":0,"12":0,"13":0,"14":0,"15":0,"16":0,"17":0,"18":0,"19":0,"20":0,"21":0},"b":{"0":[0,0],"1":[0,0],"2":[0,0],"3":[0,0],"4":[0,0],"5":[0,0],"6":[0,0],"7":[0,0]}}
,"C:\\Users\\lluna\\bootcamp\\collab\\los-chicotes\\skylab-bootcamp-201901\\staff\\groups\\null\\smart-fridge\\src\\Components\\InputsFridge\\index.js": {"path":"C:\\Users\\lluna\\bootcamp\\collab\\los-chicotes\\skylab-bootcamp-201901\\staff\\groups\\null\\smart-fridge\\src\\Components\\InputsFridge\\index.js","statementMap":{"0":{"start":{"line":1,"column":0},"end":{"line":null,"column":-1}},"1":{"start":{"line":2,"column":0},"end":{"line":null,"column":-1}},"2":{"start":{"line":3,"column":0},"end":{"line":null,"column":-1}},"3":{"start":{"line":5,"column":43},"end":{"line":null,"column":-1}},"4":{"start":{"line":24,"column":8},"end":{"line":null,"column":-1}},"5":{"start":{"line":26,"column":165},"end":{"line":23,"column":32}},"6":{"start":{"line":23,"column":32},"end":{"line":23,"column":31}},"7":{"start":{"line":28,"column":20},"end":{"line":28,"column":8}},"8":{"start":{"line":29,"column":8},"end":{"line":29,"column":20}},"9":{"start":{"line":29,"column":20},"end":{"line":null,"column":-1}},"10":{"start":{"line":30,"column":8},"end":{"line":30,"column":20}},"11":{"start":{"line":30,"column":20},"end":{"line":null,"column":-1}},"12":{"start":{"line":31,"column":8},"end":{"line":31,"column":20}},"13":{"start":{"line":31,"column":20},"end":{"line":null,"column":-1}},"14":{"start":{"line":32,"column":8},"end":{"line":32,"column":20}},"15":{"start":{"line":32,"column":20},"end":{"line":null,"column":-1}},"16":{"start":{"line":33,"column":8},"end":{"line":33,"column":20}},"17":{"start":{"line":33,"column":20},"end":{"line":null,"column":-1}},"18":{"start":{"line":35,"column":8},"end":{"line":23,"column":32}},"19":{"start":{"line":37,"column":21},"end":{"line":37,"column":8}},"20":{"start":{"line":38,"column":8},"end":{"line":38,"column":25}},"21":{"start":{"line":38,"column":25},"end":{"line":null,"column":-1}},"22":{"start":{"line":39,"column":8},"end":{"line":39,"column":30}},"23":{"start":{"line":39,"column":30},"end":{"line":null,"column":-1}},"24":{"start":{"line":40,"column":8},"end":{"line":40,"column":25}},"25":{"start":{"line":40,"column":25},"end":{"line":null,"column":-1}},"26":{"start":{"line":41,"column":8},"end":{"line":41,"column":26}},"27":{"start":{"line":41,"column":26},"end":{"line":null,"column":-1}},"28":{"start":{"line":45,"column":8},"end":{"line":null,"column":-1}},"29":{"start":{"line":48,"column":34},"end":{"line":5,"column":43}},"30":{"start":{"line":49,"column":34},"end":{"line":5,"column":43}},"31":{"start":{"line":50,"column":34},"end":{"line":5,"column":43}},"32":{"start":{"line":51,"column":34},"end":{"line":5,"column":43}},"33":{"start":{"line":52,"column":34},"end":{"line":5,"column":43}},"34":{"start":{"line":55,"column":8},"end":{"line":null,"column":-1}},"35":{"start":{"line":56,"column":44},"end":{"line":54,"column":25}},"36":{"start":{"line":57,"column":8},"end":{"line":57,"column":51}},"37":{"start":{"line":57,"column":51},"end":{"line":null,"column":-1}},"38":{"start":{"line":61,"column":8},"end":{"line":null,"column":-1}},"39":{"start":{"line":62,"column":44},"end":{"line":60,"column":28}},"40":{"start":{"line":63,"column":8},"end":{"line":63,"column":51}},"41":{"start":{"line":63,"column":51},"end":{"line":null,"column":-1}},"42":{"start":{"line":67,"column":8},"end":{"line":null,"column":-1}},"43":{"start":{"line":68,"column":8},"end":{"line":null,"column":-1}},"44":{"start":{"line":72,"column":8},"end":{"line":null,"column":-1}},"45":{"start":{"line":73,"column":8},"end":{"line":null,"column":-1}},"46":{"start":{"line":77,"column":8},"end":{"line":null,"column":-1}},"47":{"start":{"line":78,"column":8},"end":{"line":null,"column":-1}},"48":{"start":{"line":82,"column":8},"end":{"line":null,"column":-1}},"49":{"start":{"line":83,"column":8},"end":{"line":null,"column":-1}},"50":{"start":{"line":87,"column":8},"end":{"line":null,"column":-1}},"51":{"start":{"line":88,"column":8},"end":{"line":null,"column":-1}},"52":{"start":{"line":92,"column":8},"end":{"line":null,"column":-1}},"53":{"start":{"line":93,"column":8},"end":{"line":null,"column":-1}},"54":{"start":{"line":97,"column":112},"end":{"line":96,"column":13}},"55":{"start":{"line":96,"column":13},"end":{"line":96,"column":12}},"56":{"start":{"line":99,"column":21},"end":{"line":99,"column":8}},"57":{"start":{"line":100,"column":28},"end":{"line":100,"column":8}},"58":{"start":{"line":102,"column":8},"end":{"line":null,"column":-1}}},"fnMap":{"0":{"name":"(anonymous_0)","decl":{"start":{"line":5,"column":43},"end":{"line":null,"column":-1}},"loc":{"start":{"line":5,"column":43},"end":{"line":null,"column":-1}}},"1":{"name":"(anonymous_1)","decl":{"start":{"line":23,"column":23},"end":{"line":23,"column":27}},"loc":{"start":{"line":23,"column":32},"end":{"line":5,"column":43}}},"2":{"name":"(anonymous_2)","decl":{"start":{"line":48,"column":25},"end":{"line":48,"column":29}},"loc":{"start":{"line":48,"column":34},"end":{"line":5,"column":43}}},"3":{"name":"(anonymous_3)","decl":{"start":{"line":49,"column":25},"end":{"line":49,"column":29}},"loc":{"start":{"line":49,"column":34},"end":{"line":5,"column":43}}},"4":{"name":"(anonymous_4)","decl":{"start":{"line":50,"column":25},"end":{"line":50,"column":29}},"loc":{"start":{"line":50,"column":34},"end":{"line":5,"column":43}}},"5":{"name":"(anonymous_5)","decl":{"start":{"line":51,"column":25},"end":{"line":51,"column":29}},"loc":{"start":{"line":51,"column":34},"end":{"line":5,"column":43}}},"6":{"name":"(anonymous_6)","decl":{"start":{"line":52,"column":25},"end":{"line":52,"column":29}},"loc":{"start":{"line":52,"column":34},"end":{"line":5,"column":43}}},"7":{"name":"(anonymous_7)","decl":{"start":{"line":54,"column":16},"end":{"line":54,"column":20}},"loc":{"start":{"line":54,"column":25},"end":{"line":5,"column":43}}},"8":{"name":"(anonymous_8)","decl":{"start":{"line":60,"column":19},"end":{"line":60,"column":23}},"loc":{"start":{"line":60,"column":28},"end":{"line":5,"column":43}}},"9":{"name":"(anonymous_9)","decl":{"start":{"line":66,"column":21},"end":{"line":66,"column":25}},"loc":{"start":{"line":66,"column":30},"end":{"line":5,"column":43}}},"10":{"name":"(anonymous_10)","decl":{"start":{"line":71,"column":22},"end":{"line":71,"column":26}},"loc":{"start":{"line":71,"column":31},"end":{"line":5,"column":43}}},"11":{"name":"(anonymous_11)","decl":{"start":{"line":76,"column":18},"end":{"line":76,"column":22}},"loc":{"start":{"line":76,"column":27},"end":{"line":5,"column":43}}},"12":{"name":"(anonymous_12)","decl":{"start":{"line":81,"column":23},"end":{"line":81,"column":27}},"loc":{"start":{"line":81,"column":32},"end":{"line":5,"column":43}}},"13":{"name":"(anonymous_13)","decl":{"start":{"line":86,"column":18},"end":{"line":86,"column":22}},"loc":{"start":{"line":86,"column":27},"end":{"line":5,"column":43}}},"14":{"name":"(anonymous_14)","decl":{"start":{"line":91,"column":19},"end":{"line":91,"column":23}},"loc":{"start":{"line":91,"column":28},"end":{"line":5,"column":43}}},"15":{"name":"(anonymous_15)","decl":{"start":{"line":96,"column":4},"end":{"line":96,"column":9}},"loc":{"start":{"line":96,"column":13},"end":{"line":162,"column":5}}}},"branchMap":{"0":{"loc":{"start":{"line":29,"column":8},"end":{"line":29,"column":20}},"type":"if","locations":[{"start":{"line":29,"column":8},"end":{"line":29,"column":20}},{"start":{"line":29,"column":8},"end":{"line":29,"column":20}}]},"1":{"loc":{"start":{"line":30,"column":8},"end":{"line":30,"column":20}},"type":"if","locations":[{"start":{"line":30,"column":8},"end":{"line":30,"column":20}},{"start":{"line":30,"column":8},"end":{"line":30,"column":20}}]},"2":{"loc":{"start":{"line":31,"column":8},"end":{"line":31,"column":20}},"type":"if","locations":[{"start":{"line":31,"column":8},"end":{"line":31,"column":20}},{"start":{"line":31,"column":8},"end":{"line":31,"column":20}}]},"3":{"loc":{"start":{"line":32,"column":8},"end":{"line":32,"column":20}},"type":"if","locations":[{"start":{"line":32,"column":8},"end":{"line":32,"column":20}},{"start":{"line":32,"column":8},"end":{"line":32,"column":20}}]},"4":{"loc":{"start":{"line":33,"column":8},"end":{"line":33,"column":20}},"type":"if","locations":[{"start":{"line":33,"column":8},"end":{"line":33,"column":20}},{"start":{"line":33,"column":8},"end":{"line":33,"column":20}}]},"5":{"loc":{"start":{"line":38,"column":8},"end":{"line":38,"column":25}},"type":"if","locations":[{"start":{"line":38,"column":8},"end":{"line":38,"column":25}},{"start":{"line":38,"column":8},"end":{"line":38,"column":25}}]},"6":{"loc":{"start":{"line":39,"column":8},"end":{"line":39,"column":30}},"type":"if","locations":[{"start":{"line":39,"column":8},"end":{"line":39,"column":30}},{"start":{"line":39,"column":8},"end":{"line":39,"column":30}}]},"7":{"loc":{"start":{"line":40,"column":8},"end":{"line":40,"column":25}},"type":"if","locations":[{"start":{"line":40,"column":8},"end":{"line":40,"column":25}},{"start":{"line":40,"column":8},"end":{"line":40,"column":25}}]},"8":{"loc":{"start":{"line":41,"column":8},"end":{"line":41,"column":26}},"type":"if","locations":[{"start":{"line":41,"column":8},"end":{"line":41,"column":26}},{"start":{"line":41,"column":8},"end":{"line":41,"column":26}}]},"9":{"loc":{"start":{"line":57,"column":8},"end":{"line":57,"column":51}},"type":"if","locations":[{"start":{"line":57,"column":8},"end":{"line":57,"column":51}},{"start":{"line":57,"column":8},"end":{"line":57,"column":51}}]},"10":{"loc":{"start":{"line":57,"column":12},"end":{"line":57,"column":11}},"type":"binary-expr","locations":[{"start":{"line":57,"column":12},"end":{"line":57,"column":11}},{"start":{"line":57,"column":33},"end":{"line":57,"column":8}}]},"11":{"loc":{"start":{"line":63,"column":8},"end":{"line":63,"column":51}},"type":"if","locations":[{"start":{"line":63,"column":8},"end":{"line":63,"column":51}},{"start":{"line":63,"column":8},"end":{"line":63,"column":51}}]},"12":{"loc":{"start":{"line":63,"column":12},"end":{"line":63,"column":11}},"type":"binary-expr","locations":[{"start":{"line":63,"column":12},"end":{"line":63,"column":11}},{"start":{"line":63,"column":32},"end":{"line":63,"column":8}}]},"13":{"loc":{"start":{"line":110,"column":25},"end":{"line":110,"column":24}},"type":"binary-expr","locations":[{"start":{"line":110,"column":25},"end":{"line":110,"column":24}},{"start":{"line":110,"column":46},"end":{"line":106,"column":20}}]},"14":{"loc":{"start":{"line":111,"column":25},"end":{"line":111,"column":24}},"type":"binary-expr","locations":[{"start":{"line":111,"column":25},"end":{"line":111,"column":24}},{"start":{"line":111,"column":46},"end":{"line":106,"column":20}}]},"15":{"loc":{"start":{"line":112,"column":25},"end":{"line":112,"column":24}},"type":"binary-expr","locations":[{"start":{"line":112,"column":25},"end":{"line":112,"column":24}},{"start":{"line":112,"column":46},"end":{"line":106,"column":20}}]},"16":{"loc":{"start":{"line":113,"column":25},"end":{"line":113,"column":24}},"type":"binary-expr","locations":[{"start":{"line":113,"column":25},"end":{"line":113,"column":24}},{"start":{"line":113,"column":47},"end":{"line":106,"column":20}}]},"17":{"loc":{"start":{"line":143,"column":120},"end":{"line":143,"column":116}},"type":"cond-expr","locations":[{"start":{"line":143,"column":120},"end":{"line":143,"column":116}},{"start":{"line":143,"column":131},"end":{"line":143,"column":133}}]},"18":{"loc":{"start":{"line":146,"column":130},"end":{"line":146,"column":126}},"type":"cond-expr","locations":[{"start":{"line":146,"column":130},"end":{"line":146,"column":126}},{"start":{"line":146,"column":141},"end":{"line":146,"column":143}}]},"19":{"loc":{"start":{"line":149,"column":120},"end":{"line":149,"column":116}},"type":"cond-expr","locations":[{"start":{"line":149,"column":120},"end":{"line":149,"column":116}},{"start":{"line":149,"column":131},"end":{"line":149,"column":133}}]},"20":{"loc":{"start":{"line":152,"column":122},"end":{"line":152,"column":118}},"type":"cond-expr","locations":[{"start":{"line":152,"column":122},"end":{"line":152,"column":118}},{"start":{"line":152,"column":133},"end":{"line":152,"column":135}}]}},"s":{"0":0,"1":0,"2":0,"3":0,"4":0,"5":0,"6":0,"7":0,"8":0,"9":0,"10":0,"11":0,"12":0,"13":0,"14":0,"15":0,"16":0,"17":0,"18":0,"19":0,"20":0,"21":0,"22":0,"23":0,"24":0,"25":0,"26":0,"27":0,"28":0,"29":0,"30":0,"31":0,"32":0,"33":0,"34":0,"35":0,"36":0,"37":0,"38":0,"39":0,"40":0,"41":0,"42":0,"43":0,"44":0,"45":0,"46":0,"47":0,"48":0,"49":0,"50":0,"51":0,"52":0,"53":0,"54":0,"55":0,"56":0,"57":0,"58":0},"f":{"0":0,"1":0,"2":0,"3":0,"4":0,"5":0,"6":0,"7":0,"8":0,"9":0,"10":0,"11":0,"12":0,"13":0,"14":0,"15":0},"b":{"0":[0,0],"1":[0,0],"2":[0,0],"3":[0,0],"4":[0,0],"5":[0,0],"6":[0,0],"7":[0,0],"8":[0,0],"9":[0,0],"10":[0,0],"11":[0,0],"12":[0,0],"13":[0,0],"14":[0,0],"15":[0,0],"16":[0,0],"17":[0,0],"18":[0,0],"19":[0,0],"20":[0,0]}}
,"C:\\Users\\lluna\\bootcamp\\collab\\los-chicotes\\skylab-bootcamp-201901\\staff\\groups\\null\\smart-fridge\\src\\Components\\Login\\index.js": {"path":"C:\\Users\\lluna\\bootcamp\\collab\\los-chicotes\\skylab-bootcamp-201901\\staff\\groups\\null\\smart-fridge\\src\\Components\\Login\\index.js","statementMap":{"0":{"start":{"line":1,"column":0},"end":{"line":null,"column":-1}},"1":{"start":{"line":2,"column":0},"end":{"line":null,"column":-1}},"2":{"start":{"line":4,"column":36},"end":{"line":null,"column":-1}},"3":{"start":{"line":7,"column":32},"end":{"line":4,"column":36}},"4":{"start":{"line":9,"column":35},"end":{"line":4,"column":36}},"5":{"start":{"line":12,"column":8},"end":{"line":null,"column":-1}},"6":{"start":{"line":14,"column":67},"end":{"line":11,"column":32}},"7":{"start":{"line":11,"column":32},"end":{"line":11,"column":31}},"8":{"start":{"line":16,"column":8},"end":{"line":null,"column":-1}},"9":{"start":{"line":20,"column":8},"end":{"line":null,"column":-1}},"10":{"start":{"line":22,"column":8},"end":{"line":null,"column":-1}},"11":{"start":{"line":26,"column":8},"end":{"line":null,"column":-1}}},"fnMap":{"0":{"name":"(anonymous_0)","decl":{"start":{"line":4,"column":36},"end":{"line":null,"column":-1}},"loc":{"start":{"line":4,"column":36},"end":{"line":null,"column":-1}}},"1":{"name":"(anonymous_1)","decl":{"start":{"line":7,"column":23},"end":{"line":7,"column":27}},"loc":{"start":{"line":7,"column":32},"end":{"line":4,"column":36}}},"2":{"name":"(anonymous_2)","decl":{"start":{"line":9,"column":26},"end":{"line":9,"column":30}},"loc":{"start":{"line":9,"column":35},"end":{"line":4,"column":36}}},"3":{"name":"(anonymous_3)","decl":{"start":{"line":11,"column":23},"end":{"line":11,"column":27}},"loc":{"start":{"line":11,"column":32},"end":{"line":4,"column":36}}},"4":{"name":"(anonymous_4)","decl":{"start":{"line":19,"column":27},"end":{"line":19,"column":31}},"loc":{"start":{"line":19,"column":36},"end":{"line":4,"column":36}}},"5":{"name":"(anonymous_5)","decl":{"start":{"line":25,"column":4},"end":{"line":25,"column":9}},"loc":{"start":{"line":25,"column":13},"end":{"line":47,"column":5}}}},"branchMap":{},"s":{"0":0,"1":0,"2":0,"3":0,"4":0,"5":0,"6":0,"7":0,"8":0,"9":0,"10":0,"11":0},"f":{"0":0,"1":0,"2":0,"3":0,"4":0,"5":0},"b":{}}
,"C:\\Users\\lluna\\bootcamp\\collab\\los-chicotes\\skylab-bootcamp-201901\\staff\\groups\\null\\smart-fridge\\src\\Components\\Nav\\index.js": {"path":"C:\\Users\\lluna\\bootcamp\\collab\\los-chicotes\\skylab-bootcamp-201901\\staff\\groups\\null\\smart-fridge\\src\\Components\\Nav\\index.js","statementMap":{"0":{"start":{"line":1,"column":0},"end":{"line":null,"column":-1}},"1":{"start":{"line":2,"column":0},"end":{"line":null,"column":-1}},"2":{"start":{"line":5,"column":34},"end":{"line":null,"column":-1}},"3":{"start":{"line":8,"column":8},"end":{"line":null,"column":-1}},"4":{"start":{"line":10,"column":8},"end":{"line":null,"column":-1}},"5":{"start":{"line":14,"column":8},"end":{"line":null,"column":-1}},"6":{"start":{"line":16,"column":8},"end":{"line":null,"column":-1}},"7":{"start":{"line":20,"column":8},"end":{"line":null,"column":-1}},"8":{"start":{"line":25,"column":8},"end":{"line":null,"column":-1}}},"fnMap":{"0":{"name":"(anonymous_0)","decl":{"start":{"line":5,"column":34},"end":{"line":null,"column":-1}},"loc":{"start":{"line":5,"column":34},"end":{"line":null,"column":-1}}},"1":{"name":"(anonymous_1)","decl":{"start":{"line":7,"column":20},"end":{"line":7,"column":24}},"loc":{"start":{"line":7,"column":29},"end":{"line":5,"column":34}}},"2":{"name":"(anonymous_2)","decl":{"start":{"line":13,"column":23},"end":{"line":13,"column":27}},"loc":{"start":{"line":13,"column":32},"end":{"line":5,"column":34}}},"3":{"name":"(anonymous_3)","decl":{"start":{"line":19,"column":20},"end":{"line":19,"column":23}},"loc":{"start":{"line":19,"column":24},"end":{"line":5,"column":34}}},"4":{"name":"(anonymous_4)","decl":{"start":{"line":24,"column":4},"end":{"line":24,"column":9}},"loc":{"start":{"line":24,"column":13},"end":{"line":43,"column":5}}}},"branchMap":{"0":{"loc":{"start":{"line":27,"column":17},"end":{"line":27,"column":16}},"type":"binary-expr","locations":[{"start":{"line":27,"column":17},"end":{"line":27,"column":16}},{"start":{"line":27,"column":39},"end":{"line":25,"column":15}}]}},"s":{"0":0,"1":0,"2":0,"3":0,"4":0,"5":0,"6":0,"7":0,"8":0},"f":{"0":0,"1":0,"2":0,"3":0,"4":0},"b":{"0":[0,0]}}
,"C:\\Users\\lluna\\bootcamp\\collab\\los-chicotes\\skylab-bootcamp-201901\\staff\\groups\\null\\smart-fridge\\src\\Components\\Register\\index.js": {"path":"C:\\Users\\lluna\\bootcamp\\collab\\los-chicotes\\skylab-bootcamp-201901\\staff\\groups\\null\\smart-fridge\\src\\Components\\Register\\index.js","statementMap":{"0":{"start":{"line":1,"column":0},"end":{"line":null,"column":-1}},"1":{"start":{"line":2,"column":0},"end":{"line":null,"column":-1}},"2":{"start":{"line":4,"column":39},"end":{"line":null,"column":-1}},"3":{"start":{"line":19,"column":31},"end":{"line":4,"column":39}},"4":{"start":{"line":20,"column":34},"end":{"line":4,"column":39}},"5":{"start":{"line":21,"column":32},"end":{"line":4,"column":39}},"6":{"start":{"line":22,"column":35},"end":{"line":4,"column":39}},"7":{"start":{"line":23,"column":42},"end":{"line":4,"column":39}},"8":{"start":{"line":25,"column":32},"end":{"line":4,"column":39}},"9":{"start":{"line":26,"column":32},"end":{"line":4,"column":39}},"10":{"start":{"line":27,"column":32},"end":{"line":4,"column":39}},"11":{"start":{"line":28,"column":31},"end":{"line":4,"column":39}},"12":{"start":{"line":29,"column":36},"end":{"line":4,"column":39}},"13":{"start":{"line":33,"column":8},"end":{"line":null,"column":-1}},"14":{"start":{"line":35,"column":147},"end":{"line":32,"column":32}},"15":{"start":{"line":32,"column":32},"end":{"line":32,"column":31}},"16":{"start":{"line":37,"column":8},"end":{"line":null,"column":-1}},"17":{"start":{"line":41,"column":8},"end":{"line":null,"column":-1}},"18":{"start":{"line":43,"column":8},"end":{"line":null,"column":-1}},"19":{"start":{"line":47,"column":8},"end":{"line":null,"column":-1}}},"fnMap":{"0":{"name":"(anonymous_0)","decl":{"start":{"line":4,"column":39},"end":{"line":null,"column":-1}},"loc":{"start":{"line":4,"column":39},"end":{"line":null,"column":-1}}},"1":{"name":"(anonymous_1)","decl":{"start":{"line":19,"column":22},"end":{"line":19,"column":26}},"loc":{"start":{"line":19,"column":31},"end":{"line":4,"column":39}}},"2":{"name":"(anonymous_2)","decl":{"start":{"line":20,"column":25},"end":{"line":20,"column":29}},"loc":{"start":{"line":20,"column":34},"end":{"line":4,"column":39}}},"3":{"name":"(anonymous_3)","decl":{"start":{"line":21,"column":23},"end":{"line":21,"column":27}},"loc":{"start":{"line":21,"column":32},"end":{"line":4,"column":39}}},"4":{"name":"(anonymous_4)","decl":{"start":{"line":22,"column":26},"end":{"line":22,"column":30}},"loc":{"start":{"line":22,"column":35},"end":{"line":4,"column":39}}},"5":{"name":"(anonymous_5)","decl":{"start":{"line":23,"column":33},"end":{"line":23,"column":37}},"loc":{"start":{"line":23,"column":42},"end":{"line":4,"column":39}}},"6":{"name":"(anonymous_6)","decl":{"start":{"line":25,"column":23},"end":{"line":25,"column":27}},"loc":{"start":{"line":25,"column":32},"end":{"line":4,"column":39}}},"7":{"name":"(anonymous_7)","decl":{"start":{"line":26,"column":23},"end":{"line":26,"column":27}},"loc":{"start":{"line":26,"column":32},"end":{"line":4,"column":39}}},"8":{"name":"(anonymous_8)","decl":{"start":{"line":27,"column":23},"end":{"line":27,"column":27}},"loc":{"start":{"line":27,"column":32},"end":{"line":4,"column":39}}},"9":{"name":"(anonymous_9)","decl":{"start":{"line":28,"column":22},"end":{"line":28,"column":26}},"loc":{"start":{"line":28,"column":31},"end":{"line":4,"column":39}}},"10":{"name":"(anonymous_10)","decl":{"start":{"line":29,"column":27},"end":{"line":29,"column":31}},"loc":{"start":{"line":29,"column":36},"end":{"line":4,"column":39}}},"11":{"name":"(anonymous_11)","decl":{"start":{"line":32,"column":23},"end":{"line":32,"column":27}},"loc":{"start":{"line":32,"column":32},"end":{"line":4,"column":39}}},"12":{"name":"(anonymous_12)","decl":{"start":{"line":40,"column":24},"end":{"line":40,"column":28}},"loc":{"start":{"line":40,"column":33},"end":{"line":4,"column":39}}},"13":{"name":"(anonymous_13)","decl":{"start":{"line":46,"column":4},"end":{"line":46,"column":9}},"loc":{"start":{"line":46,"column":13},"end":{"line":108,"column":5}}}},"branchMap":{},"s":{"0":0,"1":0,"2":0,"3":0,"4":0,"5":0,"6":0,"7":0,"8":0,"9":0,"10":0,"11":0,"12":0,"13":0,"14":0,"15":0,"16":0,"17":0,"18":0,"19":0},"f":{"0":0,"1":0,"2":0,"3":0,"4":0,"5":0,"6":0,"7":0,"8":0,"9":0,"10":0,"11":0,"12":0,"13":0},"b":{}}
,"C:\\Users\\lluna\\bootcamp\\collab\\los-chicotes\\skylab-bootcamp-201901\\staff\\groups\\null\\smart-fridge\\src\\Components\\Results\\index.js": {"path":"C:\\Users\\lluna\\bootcamp\\collab\\los-chicotes\\skylab-bootcamp-201901\\staff\\groups\\null\\smart-fridge\\src\\Components\\Results\\index.js","statementMap":{"0":{"start":{"line":1,"column":0},"end":{"line":null,"column":-1}},"1":{"start":{"line":4,"column":0},"end":{"line":null,"column":-1}},"2":{"start":{"line":5,"column":0},"end":{"line":null,"column":-1}},"3":{"start":{"line":8,"column":32},"end":{"line":null,"column":-1}},"4":{"start":{"line":11,"column":8},"end":{"line":null,"column":-1}},"5":{"start":{"line":16,"column":21},"end":{"line":16,"column":8}},"6":{"start":{"line":17,"column":28},"end":{"line":17,"column":8}},"7":{"start":{"line":18,"column":8},"end":{"line":null,"column":-1}},"8":{"start":{"line":19,"column":28},"end":{"line":14,"column":13}},"9":{"start":{"line":22,"column":8},"end":{"line":null,"column":-1}},"10":{"start":{"line":27,"column":24},"end":{"line":26,"column":20}},"11":{"start":{"line":60,"column":106},"end":{"line":60,"column":48}}},"fnMap":{"0":{"name":"(anonymous_0)","decl":{"start":{"line":8,"column":32},"end":{"line":null,"column":-1}},"loc":{"start":{"line":8,"column":32},"end":{"line":null,"column":-1}}},"1":{"name":"(anonymous_1)","decl":{"start":{"line":10,"column":21},"end":{"line":10,"column":29}},"loc":{"start":{"line":10,"column":34},"end":{"line":8,"column":32}}},"2":{"name":"(anonymous_2)","decl":{"start":{"line":14,"column":4},"end":{"line":14,"column":9}},"loc":{"start":{"line":14,"column":13},"end":{"line":72,"column":5}}},"3":{"name":"(anonymous_3)","decl":{"start":{"line":26,"column":32},"end":{"line":26,"column":37}},"loc":{"start":{"line":27,"column":24},"end":{"line":26,"column":20}}},"4":{"name":"(anonymous_4)","decl":{"start":{"line":60,"column":102},"end":{"line":60,"column":105}},"loc":{"start":{"line":60,"column":106},"end":{"line":60,"column":48}}}},"branchMap":{"0":{"loc":{"start":{"line":58,"column":71},"end":{"line":58,"column":45}},"type":"cond-expr","locations":[{"start":{"line":58,"column":71},"end":{"line":58,"column":45}},{"start":{"line":58,"column":236},"end":{"line":57,"column":40}}]}},"s":{"0":0,"1":0,"2":0,"3":0,"4":0,"5":0,"6":0,"7":0,"8":0,"9":0,"10":0,"11":0},"f":{"0":0,"1":0,"2":0,"3":0,"4":0},"b":{"0":[0,0]}}
,"C:\\Users\\lluna\\bootcamp\\collab\\los-chicotes\\skylab-bootcamp-201901\\staff\\groups\\null\\smart-fridge\\src\\Components\\Welcome\\index.js": {"path":"C:\\Users\\lluna\\bootcamp\\collab\\los-chicotes\\skylab-bootcamp-201901\\staff\\groups\\null\\smart-fridge\\src\\Components\\Welcome\\index.js","statementMap":{"0":{"start":{"line":1,"column":0},"end":{"line":null,"column":-1}},"1":{"start":{"line":2,"column":0},"end":{"line":null,"column":-1}},"2":{"start":{"line":3,"column":0},"end":{"line":null,"column":-1}},"3":{"start":{"line":4,"column":0},"end":{"line":null,"column":-1}},"4":{"start":{"line":5,"column":0},"end":{"line":null,"column":-1}},"5":{"start":{"line":6,"column":0},"end":{"line":null,"column":-1}},"6":{"start":{"line":7,"column":0},"end":{"line":null,"column":-1}},"7":{"start":{"line":9,"column":38},"end":{"line":null,"column":-1}},"8":{"start":{"line":19,"column":8},"end":{"line":null,"column":-1}},"9":{"start":{"line":20,"column":8},"end":{"line":null,"column":-1}},"10":{"start":{"line":28,"column":8},"end":{"line":null,"column":-1}},"11":{"start":{"line":29,"column":8},"end":{"line":null,"column":-1}},"12":{"start":{"line":37,"column":8},"end":{"line":49,"column":9}},"13":{"start":{"line":38,"column":12},"end":{"line":null,"column":-1}},"14":{"start":{"line":40,"column":20},"end":{"line":null,"column":-1}},"15":{"start":{"line":42,"column":24},"end":{"line":null,"column":-1}},"16":{"start":{"line":45,"column":40},"end":{"line":38,"column":12}},"17":{"start":{"line":47,"column":30},"end":{"line":47,"column":29}},"18":{"start":{"line":48,"column":12},"end":{"line":null,"column":-1}},"19":{"start":{"line":53,"column":8},"end":{"line":62,"column":9}},"20":{"start":{"line":54,"column":12},"end":{"line":null,"column":-1}},"21":{"start":{"line":56,"column":20},"end":{"line":null,"column":-1}},"22":{"start":{"line":58,"column":40},"end":{"line":54,"column":12}},"23":{"start":{"line":60,"column":30},"end":{"line":60,"column":29}},"24":{"start":{"line":61,"column":12},"end":{"line":null,"column":-1}},"25":{"start":{"line":68,"column":8},"end":{"line":null,"column":-1}},"26":{"start":{"line":69,"column":53},"end":{"line":69,"column":17}},"27":{"start":{"line":70,"column":53},"end":{"line":70,"column":17}},"28":{"start":{"line":71,"column":56},"end":{"line":71,"column":17}}},"fnMap":{"0":{"name":"(anonymous_0)","decl":{"start":{"line":9,"column":38},"end":{"line":null,"column":-1}},"loc":{"start":{"line":9,"column":38},"end":{"line":null,"column":-1}}},"1":{"name":"(anonymous_1)","decl":{"start":{"line":18,"column":21},"end":{"line":18,"column":24}},"loc":{"start":{"line":18,"column":25},"end":{"line":9,"column":38}}},"2":{"name":"(anonymous_2)","decl":{"start":{"line":27,"column":23},"end":{"line":27,"column":26}},"loc":{"start":{"line":27,"column":27},"end":{"line":9,"column":38}}},"3":{"name":"(anonymous_3)","decl":{"start":{"line":36,"column":19},"end":{"line":36,"column":20}},"loc":{"start":{"line":36,"column":37},"end":{"line":9,"column":38}}},"4":{"name":"(anonymous_4)","decl":{"start":{"line":39,"column":23},"end":{"line":39,"column":28}},"loc":{"start":{"line":39,"column":29},"end":{"line":38,"column":12}}},"5":{"name":"(anonymous_5)","decl":{"start":{"line":41,"column":26},"end":{"line":41,"column":31}},"loc":{"start":{"line":41,"column":32},"end":{"line":40,"column":27}}},"6":{"name":"(anonymous_6)","decl":{"start":{"line":45,"column":23},"end":{"line":45,"column":24}},"loc":{"start":{"line":45,"column":40},"end":{"line":38,"column":12}}},"7":{"name":"(anonymous_7)","decl":{"start":{"line":52,"column":21},"end":{"line":52,"column":22}},"loc":{"start":{"line":52,"column":117},"end":{"line":9,"column":38}}},"8":{"name":"(anonymous_8)","decl":{"start":{"line":55,"column":24},"end":{"line":55,"column":22}},"loc":{"start":{"line":55,"column":31},"end":{"line":54,"column":12}}},"9":{"name":"(anonymous_9)","decl":{"start":{"line":58,"column":23},"end":{"line":58,"column":24}},"loc":{"start":{"line":58,"column":40},"end":{"line":54,"column":12}}},"10":{"name":"(anonymous_10)","decl":{"start":{"line":66,"column":4},"end":{"line":66,"column":9}},"loc":{"start":{"line":66,"column":13},"end":{"line":74,"column":5}}},"11":{"name":"(anonymous_11)","decl":{"start":{"line":69,"column":47},"end":{"line":69,"column":52}},"loc":{"start":{"line":69,"column":53},"end":{"line":69,"column":17}}},"12":{"name":"(anonymous_12)","decl":{"start":{"line":70,"column":46},"end":{"line":70,"column":52}},"loc":{"start":{"line":70,"column":53},"end":{"line":70,"column":17}}},"13":{"name":"(anonymous_13)","decl":{"start":{"line":71,"column":49},"end":{"line":71,"column":55}},"loc":{"start":{"line":71,"column":56},"end":{"line":71,"column":17}}}},"branchMap":{"0":{"loc":{"start":{"line":70,"column":74},"end":{"line":70,"column":53}},"type":"cond-expr","locations":[{"start":{"line":70,"column":74},"end":{"line":70,"column":53}},{"start":{"line":70,"column":100},"end":{"line":70,"column":17}}]},"1":{"loc":{"start":{"line":71,"column":77},"end":{"line":71,"column":56}},"type":"cond-expr","locations":[{"start":{"line":71,"column":77},"end":{"line":71,"column":56}},{"start":{"line":71,"column":103},"end":{"line":71,"column":17}}]}},"s":{"0":0,"1":0,"2":0,"3":0,"4":0,"5":0,"6":0,"7":0,"8":0,"9":0,"10":0,"11":0,"12":0,"13":0,"14":0,"15":0,"16":0,"17":0,"18":0,"19":0,"20":0,"21":0,"22":0,"23":0,"24":0,"25":0,"26":0,"27":0,"28":0},"f":{"0":0,"1":0,"2":0,"3":0,"4":0,"5":0,"6":0,"7":0,"8":0,"9":0,"10":0,"11":0,"12":0,"13":0},"b":{"0":[0,0],"1":[0,0]}}
,"C:\\Users\\lluna\\bootcamp\\collab\\los-chicotes\\skylab-bootcamp-201901\\staff\\groups\\null\\smart-fridge\\src\\Components\\WelcomeBanner\\index.js": {"path":"C:\\Users\\lluna\\bootcamp\\collab\\los-chicotes\\skylab-bootcamp-201901\\staff\\groups\\null\\smart-fridge\\src\\Components\\WelcomeBanner\\index.js","statementMap":{"0":{"start":{"line":1,"column":0},"end":{"line":null,"column":-1}},"1":{"start":{"line":3,"column":44},"end":{"line":null,"column":-1}},"2":{"start":{"line":6,"column":44},"end":{"line":5,"column":29}},"3":{"start":{"line":7,"column":8},"end":{"line":7,"column":20}},"4":{"start":{"line":11,"column":47},"end":{"line":10,"column":32}},"5":{"start":{"line":12,"column":8},"end":{"line":12,"column":23}},"6":{"start":{"line":20,"column":8},"end":{"line":null,"column":-1}}},"fnMap":{"0":{"name":"(anonymous_0)","decl":{"start":{"line":3,"column":44},"end":{"line":null,"column":-1}},"loc":{"start":{"line":3,"column":44},"end":{"line":null,"column":-1}}},"1":{"name":"(anonymous_1)","decl":{"start":{"line":5,"column":23},"end":{"line":5,"column":28}},"loc":{"start":{"line":5,"column":29},"end":{"line":3,"column":44}}},"2":{"name":"(anonymous_2)","decl":{"start":{"line":10,"column":26},"end":{"line":10,"column":31}},"loc":{"start":{"line":10,"column":32},"end":{"line":3,"column":44}}},"3":{"name":"(anonymous_3)","decl":{"start":{"line":19,"column":4},"end":{"line":19,"column":9}},"loc":{"start":{"line":19,"column":13},"end":{"line":30,"column":5}}}},"branchMap":{},"s":{"0":0,"1":0,"2":0,"3":0,"4":0,"5":0,"6":0},"f":{"0":0,"1":0,"2":0,"3":0},"b":{}}
,"C:\\Users\\lluna\\bootcamp\\collab\\los-chicotes\\skylab-bootcamp-201901\\staff\\groups\\null\\smart-fridge\\src\\edamam-api\\index.js": {"path":"C:\\Users\\lluna\\bootcamp\\collab\\los-chicotes\\skylab-bootcamp-201901\\staff\\groups\\null\\smart-fridge\\src\\edamam-api\\index.js","statementMap":{"0":{"start":{"line":9,"column":18},"end":{"line":54,"column":1}},"1":{"start":{"line":27,"column":8},"end":{"line":27,"column":82}},"2":{"start":{"line":27,"column":39},"end":{"line":27,"column":82}},"3":{"start":{"line":29,"column":8},"end":{"line":29,"column":63}},"4":{"start":{"line":29,"column":34},"end":{"line":29,"column":63}},"5":{"start":{"line":31,"column":8},"end":{"line":31,"column":87}},"6":{"start":{"line":31,"column":41},"end":{"line":31,"column":87}},"7":{"start":{"line":33,"column":8},"end":{"line":33,"column":69}},"8":{"start":{"line":33,"column":37},"end":{"line":33,"column":69}},"9":{"start":{"line":35,"column":8},"end":{"line":35,"column":55}},"10":{"start":{"line":36,"column":8},"end":{"line":36,"column":61}},"11":{"start":{"line":38,"column":26},"end":{"line":38,"column":136}},"12":{"start":{"line":40,"column":8},"end":{"line":52,"column":14}},"13":{"start":{"line":43,"column":30},"end":{"line":43,"column":45}},"14":{"start":{"line":45,"column":16},"end":{"line":45,"column":71}},"15":{"start":{"line":45,"column":36},"end":{"line":45,"column":71}},"16":{"start":{"line":46,"column":16},"end":{"line":46,"column":73}},"17":{"start":{"line":46,"column":42},"end":{"line":46,"column":73}},"18":{"start":{"line":48,"column":33},"end":{"line":48,"column":41}},"19":{"start":{"line":50,"column":16},"end":{"line":50,"column":27}}},"fnMap":{"0":{"name":"(anonymous_0)","decl":{"start":{"line":43,"column":18},"end":{"line":43,"column":19}},"loc":{"start":{"line":43,"column":30},"end":{"line":43,"column":45}},"line":43},"1":{"name":"(anonymous_1)","decl":{"start":{"line":44,"column":18},"end":{"line":44,"column":19}},"loc":{"start":{"line":44,"column":30},"end":{"line":52,"column":13}},"line":44}},"branchMap":{"0":{"loc":{"start":{"line":27,"column":8},"end":{"line":27,"column":82}},"type":"if","locations":[{"start":{"line":27,"column":8},"end":{"line":27,"column":82}},{"start":{"line":27,"column":8},"end":{"line":27,"column":82}}],"line":27},"1":{"loc":{"start":{"line":29,"column":8},"end":{"line":29,"column":63}},"type":"if","locations":[{"start":{"line":29,"column":8},"end":{"line":29,"column":63}},{"start":{"line":29,"column":8},"end":{"line":29,"column":63}}],"line":29},"2":{"loc":{"start":{"line":31,"column":8},"end":{"line":31,"column":87}},"type":"if","locations":[{"start":{"line":31,"column":8},"end":{"line":31,"column":87}},{"start":{"line":31,"column":8},"end":{"line":31,"column":87}}],"line":31},"3":{"loc":{"start":{"line":33,"column":8},"end":{"line":33,"column":69}},"type":"if","locations":[{"start":{"line":33,"column":8},"end":{"line":33,"column":69}},{"start":{"line":33,"column":8},"end":{"line":33,"column":69}}],"line":33},"4":{"loc":{"start":{"line":35,"column":15},"end":{"line":35,"column":55}},"type":"cond-expr","locations":[{"start":{"line":35,"column":41},"end":{"line":35,"column":50}},{"start":{"line":35,"column":53},"end":{"line":35,"column":55}}],"line":35},"5":{"loc":{"start":{"line":36,"column":17},"end":{"line":36,"column":61}},"type":"cond-expr","locations":[{"start":{"line":36,"column":45},"end":{"line":36,"column":56}},{"start":{"line":36,"column":59},"end":{"line":36,"column":61}}],"line":36},"6":{"loc":{"start":{"line":45,"column":16},"end":{"line":45,"column":71}},"type":"if","locations":[{"start":{"line":45,"column":16},"end":{"line":45,"column":71}},{"start":{"line":45,"column":16},"end":{"line":45,"column":71}}],"line":45},"7":{"loc":{"start":{"line":46,"column":16},"end":{"line":46,"column":73}},"type":"if","locations":[{"start":{"line":46,"column":16},"end":{"line":46,"column":73}},{"start":{"line":46,"column":16},"end":{"line":46,"column":73}}],"line":46}},"s":{"0":2,"1":15,"2":4,"3":11,"4":1,"5":10,"6":5,"7":5,"8":1,"9":4,"10":4,"11":4,"12":4,"13":4,"14":4,"15":0,"16":4,"17":0,"18":4,"19":4},"f":{"0":4,"1":4},"b":{"0":[4,11],"1":[1,10],"2":[5,5],"3":[1,4],"4":[4,0],"5":[3,1],"6":[0,4],"7":[0,4]},"_coverageSchema":"332fd63041d2c1bcb487cc26dd0d5f7d97098a6c","hash":"cc3b7a565b2e9581554776d71e49b476cbf7da19"}
,"C:\\Users\\lluna\\bootcamp\\collab\\los-chicotes\\skylab-bootcamp-201901\\staff\\groups\\null\\smart-fridge\\src\\logic\\index.js": {"path":"C:\\Users\\lluna\\bootcamp\\collab\\los-chicotes\\skylab-bootcamp-201901\\staff\\groups\\null\\smart-fridge\\src\\logic\\index.js","statementMap":{"0":{"start":{"line":6,"column":14},"end":{"line":438,"column":1}},"1":{"start":{"line":8,"column":8},"end":{"line":8,"column":30}},"2":{"start":{"line":12,"column":8},"end":{"line":12,"column":32}},"3":{"start":{"line":16,"column":8},"end":{"line":16,"column":39}},"4":{"start":{"line":20,"column":8},"end":{"line":20,"column":38}},"5":{"start":{"line":24,"column":8},"end":{"line":24,"column":30}},"6":{"start":{"line":28,"column":8},"end":{"line":28,"column":30}},"7":{"start":{"line":32,"column":8},"end":{"line":32,"column":26}},"8":{"start":{"line":36,"column":8},"end":{"line":36,"column":31}},"9":{"start":{"line":40,"column":8},"end":{"line":40,"column":35}},"10":{"start":{"line":44,"column":8},"end":{"line":44,"column":37}},"11":{"start":{"line":48,"column":8},"end":{"line":48,"column":26}},"12":{"start":{"line":52,"column":8},"end":{"line":52,"column":29}},"13":{"start":{"line":56,"column":8},"end":{"line":56,"column":61}},"14":{"start":{"line":60,"column":8},"end":{"line":60,"column":30}},"15":{"start":{"line":61,"column":8},"end":{"line":61,"column":36}},"16":{"start":{"line":62,"column":8},"end":{"line":62,"column":28}},"17":{"start":{"line":74,"column":23},"end":{"line":74,"column":31}},"18":{"start":{"line":76,"column":8},"end":{"line":89,"column":14}},"19":{"start":{"line":78,"column":16},"end":{"line":88,"column":17}},"20":{"start":{"line":79,"column":37},"end":{"line":79,"column":39}},"21":{"start":{"line":80,"column":20},"end":{"line":80,"column":50}},"22":{"start":{"line":81,"column":20},"end":{"line":81,"column":55}},"23":{"start":{"line":83,"column":20},"end":{"line":87,"column":21}},"24":{"start":{"line":84,"column":45},"end":{"line":84,"column":69}},"25":{"start":{"line":85,"column":24},"end":{"line":85,"column":53}},"26":{"start":{"line":86,"column":24},"end":{"line":86,"column":63}},"27":{"start":{"line":114,"column":26},"end":{"line":114,"column":51}},"28":{"start":{"line":115,"column":20},"end":{"line":115,"column":30}},"29":{"start":{"line":116,"column":21},"end":{"line":116,"column":34}},"30":{"start":{"line":117,"column":20},"end":{"line":117,"column":48}},"31":{"start":{"line":119,"column":8},"end":{"line":119,"column":84}},"32":{"start":{"line":119,"column":40},"end":{"line":119,"column":84}},"33":{"start":{"line":121,"column":8},"end":{"line":121,"column":72}},"34":{"start":{"line":121,"column":35},"end":{"line":121,"column":72}},"35":{"start":{"line":123,"column":8},"end":{"line":123,"column":84}},"36":{"start":{"line":123,"column":40},"end":{"line":123,"column":84}},"37":{"start":{"line":125,"column":8},"end":{"line":125,"column":106}},"38":{"start":{"line":125,"column":44},"end":{"line":125,"column":106}},"39":{"start":{"line":127,"column":8},"end":{"line":127,"column":84}},"40":{"start":{"line":127,"column":40},"end":{"line":127,"column":84}},"41":{"start":{"line":129,"column":8},"end":{"line":129,"column":106}},"42":{"start":{"line":129,"column":44},"end":{"line":129,"column":106}},"43":{"start":{"line":131,"column":8},"end":{"line":131,"column":102}},"44":{"start":{"line":131,"column":49},"end":{"line":131,"column":102}},"45":{"start":{"line":133,"column":8},"end":{"line":133,"column":84}},"46":{"start":{"line":133,"column":44},"end":{"line":133,"column":84}},"47":{"start":{"line":135,"column":8},"end":{"line":135,"column":78}},"48":{"start":{"line":135,"column":37},"end":{"line":135,"column":78}},"49":{"start":{"line":137,"column":8},"end":{"line":137,"column":86}},"50":{"start":{"line":137,"column":38},"end":{"line":137,"column":86}},"51":{"start":{"line":139,"column":8},"end":{"line":139,"column":90}},"52":{"start":{"line":139,"column":43},"end":{"line":139,"column":90}},"53":{"start":{"line":141,"column":8},"end":{"line":141,"column":78}},"54":{"start":{"line":141,"column":38},"end":{"line":141,"column":78}},"55":{"start":{"line":146,"column":8},"end":{"line":173,"column":9}},"56":{"start":{"line":147,"column":25},"end":{"line":147,"column":72}},"57":{"start":{"line":149,"column":12},"end":{"line":158,"column":13}},"58":{"start":{"line":150,"column":16},"end":{"line":150,"column":43}},"59":{"start":{"line":152,"column":18},"end":{"line":158,"column":13}},"60":{"start":{"line":154,"column":16},"end":{"line":154,"column":43}},"61":{"start":{"line":157,"column":16},"end":{"line":157,"column":43}},"62":{"start":{"line":160,"column":14},"end":{"line":173,"column":9}},"63":{"start":{"line":161,"column":24},"end":{"line":161,"column":73}},"64":{"start":{"line":163,"column":12},"end":{"line":172,"column":13}},"65":{"start":{"line":165,"column":16},"end":{"line":165,"column":43}},"66":{"start":{"line":167,"column":18},"end":{"line":172,"column":13}},"67":{"start":{"line":168,"column":16},"end":{"line":168,"column":43}},"68":{"start":{"line":171,"column":16},"end":{"line":171,"column":43}},"69":{"start":{"line":174,"column":8},"end":{"line":174,"column":52}},"70":{"start":{"line":195,"column":8},"end":{"line":195,"column":99}},"71":{"start":{"line":195,"column":35},"end":{"line":195,"column":99}},"72":{"start":{"line":197,"column":8},"end":{"line":197,"column":100}},"73":{"start":{"line":197,"column":35},"end":{"line":197,"column":100}},"74":{"start":{"line":199,"column":8},"end":{"line":202,"column":14}},"75":{"start":{"line":201,"column":16},"end":{"line":201,"column":36}},"76":{"start":{"line":215,"column":8},"end":{"line":215,"column":98}},"77":{"start":{"line":215,"column":34},"end":{"line":215,"column":98}},"78":{"start":{"line":217,"column":8},"end":{"line":217,"column":99}},"79":{"start":{"line":217,"column":34},"end":{"line":217,"column":99}},"80":{"start":{"line":219,"column":8},"end":{"line":223,"column":14}},"81":{"start":{"line":221,"column":16},"end":{"line":221,"column":36}},"82":{"start":{"line":222,"column":16},"end":{"line":222,"column":45}},"83":{"start":{"line":236,"column":8},"end":{"line":236,"column":98}},"84":{"start":{"line":236,"column":34},"end":{"line":236,"column":98}},"85":{"start":{"line":238,"column":8},"end":{"line":238,"column":99}},"86":{"start":{"line":238,"column":34},"end":{"line":238,"column":99}},"87":{"start":{"line":240,"column":8},"end":{"line":243,"column":14}},"88":{"start":{"line":242,"column":16},"end":{"line":242,"column":36}},"89":{"start":{"line":256,"column":8},"end":{"line":256,"column":98}},"90":{"start":{"line":256,"column":34},"end":{"line":256,"column":98}},"91":{"start":{"line":258,"column":8},"end":{"line":258,"column":99}},"92":{"start":{"line":258,"column":34},"end":{"line":258,"column":99}},"93":{"start":{"line":260,"column":8},"end":{"line":260,"column":46}},"94":{"start":{"line":274,"column":8},"end":{"line":274,"column":98}},"95":{"start":{"line":274,"column":34},"end":{"line":274,"column":98}},"96":{"start":{"line":276,"column":8},"end":{"line":276,"column":99}},"97":{"start":{"line":276,"column":34},"end":{"line":276,"column":99}},"98":{"start":{"line":278,"column":8},"end":{"line":278,"column":60}},"99":{"start":{"line":295,"column":8},"end":{"line":295,"column":79}},"100":{"start":{"line":295,"column":36},"end":{"line":295,"column":79}},"101":{"start":{"line":297,"column":8},"end":{"line":297,"column":88}},"102":{"start":{"line":297,"column":42},"end":{"line":297,"column":88}},"103":{"start":{"line":301,"column":8},"end":{"line":309,"column":9}},"104":{"start":{"line":302,"column":12},"end":{"line":308,"column":13}},"105":{"start":{"line":302,"column":42},"end":{"line":302,"column":84}},"106":{"start":{"line":304,"column":17},"end":{"line":308,"column":13}},"107":{"start":{"line":305,"column":16},"end":{"line":305,"column":27}},"108":{"start":{"line":307,"column":16},"end":{"line":307,"column":40}},"109":{"start":{"line":313,"column":8},"end":{"line":324,"column":9}},"110":{"start":{"line":314,"column":12},"end":{"line":314,"column":98}},"111":{"start":{"line":314,"column":49},"end":{"line":314,"column":98}},"112":{"start":{"line":315,"column":24},"end":{"line":315,"column":26}},"113":{"start":{"line":317,"column":12},"end":{"line":319,"column":15}},"114":{"start":{"line":318,"column":16},"end":{"line":318,"column":46}},"115":{"start":{"line":321,"column":12},"end":{"line":321,"column":33}},"116":{"start":{"line":323,"column":12},"end":{"line":323,"column":23}},"117":{"start":{"line":326,"column":27},"end":{"line":326,"column":76}},"118":{"start":{"line":328,"column":8},"end":{"line":328,"column":66}},"119":{"start":{"line":388,"column":8},"end":{"line":388,"column":90}},"120":{"start":{"line":388,"column":43},"end":{"line":388,"column":90}},"121":{"start":{"line":390,"column":8},"end":{"line":390,"column":81}},"122":{"start":{"line":390,"column":38},"end":{"line":390,"column":81}},"123":{"start":{"line":392,"column":8},"end":{"line":392,"column":88}},"124":{"start":{"line":392,"column":43},"end":{"line":392,"column":88}},"125":{"start":{"line":394,"column":19},"end":{"line":394,"column":23}},"126":{"start":{"line":396,"column":8},"end":{"line":400,"column":10}},"127":{"start":{"line":397,"column":12},"end":{"line":399,"column":13}},"128":{"start":{"line":398,"column":16},"end":{"line":398,"column":37}},"129":{"start":{"line":401,"column":8},"end":{"line":402,"column":49}},"130":{"start":{"line":401,"column":22},"end":{"line":401,"column":35}},"131":{"start":{"line":402,"column":13},"end":{"line":402,"column":49}},"132":{"start":{"line":417,"column":8},"end":{"line":417,"column":108}},"133":{"start":{"line":417,"column":53},"end":{"line":417,"column":108}},"134":{"start":{"line":419,"column":8},"end":{"line":419,"column":92}},"135":{"start":{"line":419,"colu
[...]
line":82,"column":14}},"58":{"start":{"line":75,"column":30},"end":{"line":75,"column":45}},"59":{"start":{"line":77,"column":35},"end":{"line":77,"column":43}},"60":{"start":{"line":79,"column":16},"end":{"line":79,"column":57}},"61":{"start":{"line":79,"column":37},"end":{"line":79,"column":57}},"62":{"start":{"line":81,"column":16},"end":{"line":81,"column":43}},"63":{"start":{"line":86,"column":8},"end":{"line":86,"column":76}},"64":{"start":{"line":86,"column":36},"end":{"line":86,"column":76}},"65":{"start":{"line":88,"column":8},"end":{"line":88,"column":57}},"66":{"start":{"line":88,"column":31},"end":{"line":88,"column":57}},"67":{"start":{"line":90,"column":8},"end":{"line":90,"column":82}},"68":{"start":{"line":90,"column":39},"end":{"line":90,"column":82}},"69":{"start":{"line":92,"column":8},"end":{"line":92,"column":63}},"70":{"start":{"line":92,"column":34},"end":{"line":92,"column":63}},"71":{"start":{"line":95,"column":8},"end":{"line":107,"column":14}},"72":{"start":{"line":100,"column":30},"end":{"line":100,"column":45}},"73":{"start":{"line":102,"column":35},"end":{"line":102,"column":43}},"74":{"start":{"line":104,"column":16},"end":{"line":104,"column":57}},"75":{"start":{"line":104,"column":37},"end":{"line":104,"column":57}},"76":{"start":{"line":106,"column":16},"end":{"line":106,"column":43}},"77":{"start":{"line":111,"column":8},"end":{"line":111,"column":76}},"78":{"start":{"line":111,"column":36},"end":{"line":111,"column":76}},"79":{"start":{"line":113,"column":8},"end":{"line":113,"column":57}},"80":{"start":{"line":113,"column":31},"end":{"line":113,"column":57}},"81":{"start":{"line":115,"column":8},"end":{"line":115,"column":82}},"82":{"start":{"line":115,"column":39},"end":{"line":115,"column":82}},"83":{"start":{"line":117,"column":8},"end":{"line":117,"column":63}},"84":{"start":{"line":117,"column":34},"end":{"line":117,"column":63}},"85":{"start":{"line":119,"column":8},"end":{"line":119,"column":88}},"86":{"start":{"line":119,"column":49},"end":{"line":119,"column":88}},"87":{"start":{"line":121,"column":8},"end":{"line":121,"column":84}},"88":{"start":{"line":121,"column":41},"end":{"line":121,"column":84}},"89":{"start":{"line":124,"column":8},"end":{"line":139,"column":14}},"90":{"start":{"line":132,"column":30},"end":{"line":132,"column":45}},"91":{"start":{"line":134,"column":35},"end":{"line":134,"column":43}},"92":{"start":{"line":136,"column":16},"end":{"line":136,"column":43}},"93":{"start":{"line":136,"column":37},"end":{"line":136,"column":43}},"94":{"start":{"line":138,"column":16},"end":{"line":138,"column":43}},"95":{"start":{"line":143,"column":8},"end":{"line":143,"column":76}},"96":{"start":{"line":143,"column":36},"end":{"line":143,"column":76}},"97":{"start":{"line":144,"column":8},"end":{"line":144,"column":57}},"98":{"start":{"line":144,"column":31},"end":{"line":144,"column":57}},"99":{"start":{"line":146,"column":8},"end":{"line":146,"column":82}},"100":{"start":{"line":146,"column":39},"end":{"line":146,"column":82}},"101":{"start":{"line":147,"column":8},"end":{"line":147,"column":63}},"102":{"start":{"line":147,"column":34},"end":{"line":147,"column":63}},"103":{"start":{"line":149,"column":8},"end":{"line":149,"column":88}},"104":{"start":{"line":149,"column":42},"end":{"line":149,"column":88}},"105":{"start":{"line":150,"column":8},"end":{"line":150,"column":69}},"106":{"start":{"line":150,"column":37},"end":{"line":150,"column":69}},"107":{"start":{"line":152,"column":8},"end":{"line":152,"column":88}},"108":{"start":{"line":152,"column":42},"end":{"line":152,"column":88}},"109":{"start":{"line":153,"column":8},"end":{"line":153,"column":69}},"110":{"start":{"line":153,"column":37},"end":{"line":153,"column":69}},"111":{"start":{"line":155,"column":8},"end":{"line":170,"column":14}},"112":{"start":{"line":163,"column":30},"end":{"line":163,"column":45}},"113":{"start":{"line":165,"column":35},"end":{"line":165,"column":43}},"114":{"start":{"line":167,"column":16},"end":{"line":167,"column":43}},"115":{"start":{"line":167,"column":37},"end":{"line":167,"column":43}},"116":{"start":{"line":169,"column":16},"end":{"line":169,"column":43}}},"fnMap":{"0":{"name":"(anonymous_0)","decl":{"start":{"line":51,"column":18},"end":{"line":51,"column":19}},"loc":{"start":{"line":51,"column":30},"end":{"line":51,"column":45}},"line":51},"1":{"name":"(anonymous_1)","decl":{"start":{"line":52,"column":18},"end":{"line":52,"column":19}},"loc":{"start":{"line":52,"column":30},"end":{"line":58,"column":13}},"line":52},"2":{"name":"(anonymous_2)","decl":{"start":{"line":75,"column":18},"end":{"line":75,"column":19}},"loc":{"start":{"line":75,"column":30},"end":{"line":75,"column":45}},"line":75},"3":{"name":"(anonymous_3)","decl":{"start":{"line":76,"column":18},"end":{"line":76,"column":19}},"loc":{"start":{"line":76,"column":30},"end":{"line":82,"column":13}},"line":76},"4":{"name":"(anonymous_4)","decl":{"start":{"line":100,"column":18},"end":{"line":100,"column":19}},"loc":{"start":{"line":100,"column":30},"end":{"line":100,"column":45}},"line":100},"5":{"name":"(anonymous_5)","decl":{"start":{"line":101,"column":18},"end":{"line":101,"column":19}},"loc":{"start":{"line":101,"column":30},"end":{"line":107,"column":13}},"line":101},"6":{"name":"(anonymous_6)","decl":{"start":{"line":132,"column":18},"end":{"line":132,"column":19}},"loc":{"start":{"line":132,"column":30},"end":{"line":132,"column":45}},"line":132},"7":{"name":"(anonymous_7)","decl":{"start":{"line":133,"column":18},"end":{"line":133,"column":19}},"loc":{"start":{"line":133,"column":30},"end":{"line":139,"column":13}},"line":133},"8":{"name":"(anonymous_8)","decl":{"start":{"line":163,"column":18},"end":{"line":163,"column":19}},"loc":{"start":{"line":163,"column":30},"end":{"line":163,"column":45}},"line":163},"9":{"name":"(anonymous_9)","decl":{"start":{"line":164,"column":18},"end":{"line":164,"column":19}},"loc":{"start":{"line":164,"column":30},"end":{"line":170,"column":13}},"line":164}},"branchMap":{"0":{"loc":{"start":{"line":8,"column":8},"end":{"line":8,"column":80}},"type":"if","locations":[{"start":{"line":8,"column":8},"end":{"line":8,"column":80}},{"start":{"line":8,"column":8},"end":{"line":8,"column":80}}],"line":8},"1":{"loc":{"start":{"line":9,"column":8},"end":{"line":9,"column":61}},"type":"if","locations":[{"start":{"line":9,"column":8},"end":{"line":9,"column":61}},{"start":{"line":9,"column":8},"end":{"line":9,"column":61}}],"line":9},"2":{"loc":{"start":{"line":11,"column":8},"end":{"line":11,"column":86}},"type":"if","locations":[{"start":{"line":11,"column":8},"end":{"line":11,"column":86}},{"start":{"line":11,"column":8},"end":{"line":11,"column":86}}],"line":11},"3":{"loc":{"start":{"line":12,"column":8},"end":{"line":12,"column":67}},"type":"if","locations":[{"start":{"line":12,"column":8},"end":{"line":12,"column":67}},{"start":{"line":12,"column":8},"end":{"line":12,"column":67}}],"line":12},"4":{"loc":{"start":{"line":14,"column":8},"end":{"line":14,"column":88}},"type":"if","locations":[{"start":{"line":14,"column":8},"end":{"line":14,"column":88}},{"start":{"line":14,"column":8},"end":{"line":14,"column":88}}],"line":14},"5":{"loc":{"start":{"line":15,"column":8},"end":{"line":15,"column":69}},"type":"if","locations":[{"start":{"line":15,"column":8},"end":{"line":15,"column":69}},{"start":{"line":15,"column":8},"end":{"line":15,"column":69}}],"line":15},"6":{"loc":{"start":{"line":17,"column":8},"end":{"line":17,"column":88}},"type":"if","locations":[{"start":{"line":17,"column":8},"end":{"line":17,"column":88}},{"start":{"line":17,"column":8},"end":{"line":17,"column":88}}],"line":17},"7":{"loc":{"start":{"line":18,"column":8},"end":{"line":18,"column":69}},"type":"if","locations":[{"start":{"line":18,"column":8},"end":{"line":18,"column":69}},{"start":{"line":18,"column":8},"end":{"line":18,"column":69}}],"line":18},"8":{"loc":{"start":{"line":20,"column":8},"end":{"line":20,"column":102}},"type":"if","locations":[{"start":{"line":20,"column":8},"end":{"line":20,"column":102}},{"start":{"line":20,"column":8},"end":{"line":20,"column":102}}],"line":20},"9":{"loc":{"start":{"line":21,"column":8},"end":{"line":21,"column":94}},"type":"if","locations":[{"start":{"line":21,"column":8},"end":{"line":21,"column":94}},{"start":{"line":21,"column":8},"end":{"line":21,"column":94}}],"line":21},"10":{"loc":{"start":{"line":23,"column":8},"end":{"line":23,"column":78}},"type":"if","locations":[{"start":{"line":23,"column":8},"end":{"line":23,"column":78}},{"start":{"line":23,"column":8},"end":{"line":23,"column":78}}],"line":23},"11":{"loc":{"start":{"line":25,"column":8},"end":{"line":25,"column":84}},"type":"if","locations":[{"start":{"line":25,"column":8},"end":{"line":25,"column":84}},{"start":{"line":25,"column":8},"end":{"line":25,"column":84}}],"line":25},"12":{"loc":{"start":{"line":26,"column":8},"end":{"line":26,"column":65}},"type":"if","locations":[{"start":{"line":26,"column":8},"end":{"line":26,"column":65}},{"start":{"line":26,"column":8},"end":{"line":26,"column":65}}],"line":26},"13":{"loc":{"start":{"line":28,"column":8},"end":{"line":28,"column":90}},"type":"if","locations":[{"start":{"line":28,"column":8},"end":{"line":28,"column":90}},{"start":{"line":28,"column":8},"end":{"line":28,"column":90}}],"line":28},"14":{"loc":{"start":{"line":29,"column":8},"end":{"line":29,"column":71}},"type":"if","locations":[{"start":{"line":29,"column":8},"end":{"line":29,"column":71}},{"start":{"line":29,"column":8},"end":{"line":29,"column":71}}],"line":29},"15":{"loc":{"start":{"line":31,"column":8},"end":{"line":31,"column":84}},"type":"if","locations":[{"start":{"line":31,"column":8},"end":{"line":31,"column":84}},{"start":{"line":31,"column":8},"end":{"line":31,"column":84}}],"line":31},"16":{"loc":{"start":{"line":33,"column":8},"end":{"line":33,"column":106}},"type":"if","locations":[{"start":{"line":33,"column":8},"end":{"line":33,"column":106}},{"start":{"line":33,"column":8},"end":{"line":33,"column":106}}],"line":33},"17":{"loc":{"start":{"line":33,"column":14},"end":{"line":33,"column":41}},"type":"binary-expr","locations":[{"start":{"line":33,"column":14},"end":{"line":33,"column":25}},{"start":{"line":33,"column":29},"end":{"line":33,"column":41}}],"line":33},"18":{"loc":{"start":{"line":35,"column":8},"end":{"line":35,"column":84}},"type":"if","locations":[{"start":{"line":35,"column":8},"end":{"line":35,"column":84}},{"start":{"line":35,"column":8},"end":{"line":35,"column":84}}],"line":35},"19":{"loc":{"start":{"line":37,"column":8},"end":{"line":37,"column":106}},"type":"if","locations":[{"start":{"line":37,"column":8},"end":{"line":37,"column":106}},{"start":{"line":37,"column":8},"end":{"line":37,"column":106}}],"line":37},"20":{"loc":{"start":{"line":37,"column":14},"end":{"line":37,"column":41}},"type":"binary-expr","locations":[{"start":{"line":37,"column":14},"end":{"line":37,"column":25}},{"start":{"line":37,"column":29},"end":{"line":37,"column":41}}],"line":37},"21":{"loc":{"start":{"line":39,"column":8},"end":{"line":39,"column":90}},"type":"if","locations":[{"start":{"line":39,"column":8},"end":{"line":39,"column":90}},{"start":{"line":39,"column":8},"end":{"line":39,"column":90}}],"line":39},"22":{"loc":{"start":{"line":41,"column":8},"end":{"line":41,"column":78}},"type":"if","locations":[{"start":{"line":41,"column":8},"end":{"line":41,"column":78}},{"start":{"line":41,"column":8},"end":{"line":41,"column":78}}],"line":41},"23":{"loc":{"start":{"line":55,"column":16},"end":{"line":55,"column":60}},"type":"if","locations":[{"start":{"line":55,"column":16},"end":{"line":55,"column":60}},{"start":{"line":55,"column":16},"end":{"line":55,"column":60}}],"line":55},"24":{"loc":{"start":{"line":62,"column":8},"end":{"line":62,"column":88}},"type":"if","locations":[{"start":{"line":62,"column":8},"end":{"line":62,"column":88}},{"start":{"line":62,"column":8},"end":{"line":62,"column":88}}],"line":62},"25":{"loc":{"start":{"line":63,"column":8},"end":{"line":63,"column":69}},"type":"if","locations":[{"start":{"line":63,"column":8},"end":{"line":63,"column":69}},{"start":{"line":63,"column":8},"end":{"line":63,"column":69}}],"line":63},"26":{"loc":{"start":{"line":65,"column":8},"end":{"line":65,"column":88}},"type":"if","locations":[{"start":{"line":65,"column":8},"end":{"line":65,"column":88}},{"start":{"line":65,"column":8},"end":{"line":65,"column":88}}],"line":65},"27":{"loc":{"start":{"line":66,"column":8},"end":{"line":66,"column":69}},"type":"if","locations":[{"start":{"line":66,"column":8},"end":{"line":66,"column":69}},{"start":{"line":66,"column":8},"end":{"line":66,"column":69}}],"line":66},"28":{"loc":{"start":{"line":79,"column":16},"end":{"line":79,"column":57}},"type":"if","locations":[{"start":{"line":79,"column":16},"end":{"line":79,"column":57}},{"start":{"line":79,"column":16},"end":{"line":79,"column":57}}],"line":79},"29":{"loc":{"start":{"line":86,"column":8},"end":{"line":86,"column":76}},"type":"if","locations":[{"start":{"line":86,"column":8},"end":{"line":86,"column":76}},{"start":{"line":86,"column":8},"end":{"line":86,"column":76}}],"line":86},"30":{"loc":{"start":{"line":88,"column":8},"end":{"line":88,"column":57}},"type":"if","locations":[{"start":{"line":88,"column":8},"end":{"line":88,"column":57}},{"start":{"line":88,"column":8},"end":{"line":88,"column":57}}],"line":88},"31":{"loc":{"start":{"line":90,"column":8},"end":{"line":90,"column":82}},"type":"if","locations":[{"start":{"line":90,"column":8},"end":{"line":90,"column":82}},{"start":{"line":90,"column":8},"end":{"line":90,"column":82}}],"line":90},"32":{"loc":{"start":{"line":92,"column":8},"end":{"line":92,"column":63}},"type":"if","locations":[{"start":{"line":92,"column":8},"end":{"line":92,"column":63}},{"start":{"line":92,"column":8},"end":{"line":92,"column":63}}],"line":92},"33":{"loc":{"start":{"line":104,"column":16},"end":{"line":104,"column":57}},"type":"if","locations":[{"start":{"line":104,"column":16},"end":{"line":104,"column":57}},{"start":{"line":104,"column":16},"end":{"line":104,"column":57}}],"line":104},"34":{"loc":{"start":{"line":111,"column":8},"end":{"line":111,"column":76}},"type":"if","locations":[{"start":{"line":111,"column":8},"end":{"line":111,"column":76}},{"start":{"line":111,"column":8},"end":{"line":111,"column":76}}],"line":111},"35":{"loc":{"start":{"line":113,"column":8},"end":{"line":113,"column":57}},"type":"if","locations":[{"start":{"line":113,"column":8},"end":{"line":113,"column":57}},{"start":{"line":113,"column":8},"end":{"line":113,"column":57}}],"line":113},"36":{"loc":{"start":{"line":115,"column":8},"end":{"line":115,"column":82}},"type":"if","locations":[{"start":{"line":115,"column":8},"end":{"line":115,"column":82}},{"start":{"line":115,"column":8},"end":{"line":115,"column":82}}],"line":115},"37":{"loc":{"start":{"line":117,"column":8},"end":{"line":117,"column":63}},"type":"if","locations":[{"start":{"line":117,"column":8},"end":{"line":117,"column":63}},{"start":{"line":117,"column":8},"end":{"line":117,"column":63}}],"line":117},"38":{"loc":{"start":{"line":119,"column":8},"end":{"line":119,"column":88}},"type":"if","locations":[{"start":{"line":119,"column":8},"end":{"line":119,"column":88}},{"start":{"line":119,"column":8},"end":{"line":119,"column":88}}],"line":119},"39":{"loc":{"start":{"line":119,"column":12},"end":{"line":119,"column":47}},"type":"binary-expr","locations":[{"start":{"line":119,"column":12},"end":{"line":119,"column":30}},{"start":{"line":119,"column":34},"end":{"line":119,"column":47}}],"line":119},"40":{"loc":{"start":{"line":121,"column":8},"end":{"line":121,"column":84}},"type":"if","locations":[{"start":{"line":121,"column":8},"end":{"line":121,"column":84}},{"start":{"line":121,"column":8},"end":{"line":121,"column":84}}],"line":121},"41":{"loc":{"start":{"line":136,"column":16},"end":{"line":136,"column":43}},"type":"if","locations":[{"start":{"line":136,"column":16},"end":{"line":136,"column":43}},{"start":{"line":136,"column":16},"end":{"line":136,"column":43}}],"line":136},"42":{"loc":{"start":{"line":143,"column":8},"end":{"line":143,"column":76}},"type":"if","locations":[{"start":{"line":143,"column":8},"end":{"line":143,"column":76}},{"start":{"line":143,"column":8},"end":{"line":143,"column":76}}],"line":143},"43":{"loc":{"start":{"line":144,"column":8},"end":{"line":144,"column":57}},"type":"if","locations":[{"start":{"line":144,"column":8},"end":{"line":144,"column":57}},{"start":{"line":144,"column":8},"end":{"line":144,"column":57}}],"line":144},"44":{"loc":{"start":{"line":146,"column":8},"end":{"line":146,"column":82}},"type":"if","locations":[{"start":{"line":146,"column":8},"end":{"line":146,"column":82}},{"start":{"line":146,"column":8},"end":{"line":146,"column":82}}],"line":146},"45":{"loc":{"start":{"line":147,"column":8},"end":{"line":147,"column":63}},"type":"if","locations":[{"start":{"line":147,"column":8},"end":{"line":147,"column":63}},{"start":{"line":147,"column":8},"end":{"line":147,"column":63}}],"line":147},"46":{"loc":{"start":{"line":149,"column":8},"end":{"line":149,"column":88}},"type":"if","locations":[{"start":{"line":149,"column":8},"end":{"line":149,"column":88}},{"start":{"line":149,"column":8},"end":{"line":149,"column":88}}],"line":149},"47":{"loc":{"start":{"line":150,"column":8},"end":{"line":150,"column":69}},"type":"if","locations":[{"start":{"line":150,"column":8},"end":{"line":150,"column":69}},{"start":{"line":150,"column":8},"end":{"line":150,"column":69}}],"line":150},"48":{"loc":{"start":{"line":152,"column":8},"end":{"line":152,"column":88}},"type":"if","locations":[{"start":{"line":152,"column":8},"end":{"line":152,"column":88}},{"start":{"line":152,"column":8},"end":{"line":152,"column":88}}],"line":152},"49":{"loc":{"start":{"line":153,"column":8},"end":{"line":153,"column":69}},"type":"if","locations":[{"start":{"line":153,"column":8},"end":{"line":153,"column":69}},{"start":{"line":153,"column":8},"end":{"line":153,"column":69}}],"line":153},"50":{"loc":{"start":{"line":167,"column":16},"end":{"line":167,"column":43}},"type":"if","locations":[{"start":{"line":167,"column":16},"end":{"line":167,"column":43}},{"start":{"line":167,"column":16},"end":{"line":167,"column":43}}],"line":167}},"s":{"0":2,"1":93,"2":0,"3":93,"4":0,"5":93,"6":0,"7":93,"8":0,"9":93,"10":0,"11":93,"12":0,"13":93,"14":0,"15":93,"16":0,"17":93,"18":0,"19":93,"20":0,"21":93,"22":0,"23":93,"24":0,"25":93,"26":0,"27":93,"28":0,"29":93,"30":0,"31":93,"32":0,"33":93,"34":0,"35":93,"36":0,"37":93,"38":0,"39":93,"40":0,"41":93,"42":0,"43":93,"44":93,"45":93,"46":93,"47":92,"48":1,"49":88,"50":6,"51":82,"52":1,"53":81,"54":6,"55":75,"56":1,"57":74,"58":74,"59":74,"60":74,"61":72,"62":2,"63":18,"64":5,"65":13,"66":1,"67":12,"68":5,"69":7,"70":1,"71":6,"72":6,"73":6,"74":6,"75":4,"76":2,"77":22,"78":5,"79":17,"80":1,"81":16,"82":6,"83":10,"84":1,"85":9,"86":2,"87":7,"88":4,"89":3,"90":3,"91":3,"92":3,"93":2,"94":1,"95":28,"96":6,"97":22,"98":0,"99":22,"100":5,"101":17,"102":0,"103":17,"104":6,"105":11,"106":1,"107":10,"108":6,"109":4,"110":1,"111":3,"112":3,"113":3,"114":3,"115":2,"116":1},"f":{"0":93,"1":93,"2":74,"3":74,"4":6,"5":6,"6":3,"7":3,"8":3,"9":3},"b":{"0":[0,93],"1":[0,93],"2":[0,93],"3":[0,93],"4":[0,93],"5":[0,93],"6":[0,93],"7":[0,93],"8":[0,93],"9":[0,93],"10":[0,93],"11":[0,93],"12":[0,93],"13":[0,93],"14":[0,93],"15":[0,93],"16":[0,93],"17":[93,93],"18":[0,93],"19":[0,93],"20":[93,93],"21":[0,93],"22":[0,93],"23":[92,1],"24":[6,82],"25":[1,81],"26":[6,75],"27":[1,74],"28":[72,2],"29":[5,13],"30":[1,12],"31":[5,7],"32":[1,6],"33":[4,2],"34":[5,17],"35":[1,16],"36":[6,10],"37":[1,9],"38":[2,7],"39":[9,8],"40":[4,3],"41":[2,1],"42":[6,22],"43":[0,22],"44":[5,17],"45":[0,17],"46":[6,11],"47":[1,10],"48":[6,4],"49":[1,3],"50":[2,1]},"_coverageSchema":"332fd63041d2c1bcb487cc26dd0d5f7d97098a6c","hash":"9e3574fa43e0d7c38cda439b8e6c9b09f1159cc5"}
}
