TN:
SF:C:\Users\lluna\bootcamp\collab\los-chicotes\skylab-bootcamp-201901\staff\groups\null\smart-fridge\src\index.js
FN:12,(anonymous_0)
FN:13,(anonymous_1)
FN:15,(anonymous_2)
FN:16,(anonymous_3)
FN:18,(anonymous_4)
FN:19,(anonymous_5)
FNF:6
FNH:0
FNDA:0,(anonymous_0)
FNDA:0,(anonymous_1)
FNDA:0,(anonymous_2)
FNDA:0,(anonymous_3)
FNDA:0,(anonymous_4)
FNDA:0,(anonymous_5)
DA:1,0
DA:2,0
DA:3,0
DA:4,0
DA:5,0
DA:6,0
DA:7,0
DA:12,0
DA:13,0
DA:15,0
DA:16,0
DA:18,0
DA:19,0
DA:27,0
LF:14
LH:0
BRDA:12,0,0,0
BRDA:12,0,1,0
BRDA:15,1,0,0
BRDA:15,1,1,0
BRDA:18,2,0,0
BRDA:18,2,1,0
BRF:6
BRH:0
end_of_record
TN:
SF:C:\Users\lluna\bootcamp\collab\los-chicotes\skylab-bootcamp-201901\staff\groups\null\smart-fridge\src\serviceWorker.js
FN:23,register
FN:34,(anonymous_1)
FN:43,(anonymous_2)
FN:57,registerValidSW
FN:60,(anonymous_4)
FN:61,(anonymous_5)
FN:66,(anonymous_6)
FN:96,(anonymous_7)
FN:101,checkValidServiceWorker
FN:104,(anonymous_9)
FN:112,(anonymous_10)
FN:113,(anonymous_11)
FN:122,(anonymous_12)
FN:129,unregister
FN:131,(anonymous_14)
FNF:15
FNH:0
FNDA:0,register
FNDA:0,(anonymous_1)
FNDA:0,(anonymous_2)
FNDA:0,registerValidSW
FNDA:0,(anonymous_4)
FNDA:0,(anonymous_5)
FNDA:0,(anonymous_6)
FNDA:0,(anonymous_7)
FNDA:0,checkValidServiceWorker
FNDA:0,(anonymous_9)
FNDA:0,(anonymous_10)
FNDA:0,(anonymous_11)
FNDA:0,(anonymous_12)
FNDA:0,unregister
FNDA:0,(anonymous_14)
DA:13,0
DA:24,0
DA:26,0
DA:27,0
DA:31,0
DA:34,0
DA:35,0
DA:37,0
DA:39,0
DA:43,0
DA:44,0
DA:51,0
DA:58,0
DA:61,0
DA:62,0
DA:63,0
DA:64,0
DA:66,0
DA:67,0
DA:68,0
DA:72,0
DA:78,0
DA:79,0
DA:85,0
DA:88,0
DA:89,0
DA:97,0
DA:103,0
DA:106,0
DA:107,0
DA:112,0
DA:113,0
DA:114,0
DA:119,0
DA:123,0
DA:130,0
DA:131,0
DA:132,0
LF:38
LH:0
BRDA:14,0,0,0
BRDA:14,0,1,0
BRDA:14,0,2,0
BRDA:24,1,0,0
BRDA:24,1,1,0
BRDA:24,2,0,0
BRDA:24,2,1,0
BRDA:27,3,0,0
BRDA:27,3,1,0
BRDA:37,4,0,0
BRDA:37,4,1,0
BRDA:63,5,0,0
BRDA:63,5,1,0
BRDA:67,6,0,0
BRDA:67,6,1,0
BRDA:68,7,0,0
BRDA:68,7,1,0
BRDA:78,8,0,0
BRDA:78,8,1,0
BRDA:78,9,0,0
BRDA:78,9,1,0
BRDA:88,10,0,0
BRDA:88,10,1,0
BRDA:88,11,0,0
BRDA:88,11,1,0
BRDA:107,12,0,0
BRDA:107,12,1,0
BRDA:108,13,0,0
BRDA:108,13,1,0
BRDA:108,13,2,0
BRDA:130,14,0,0
BRDA:130,14,1,0
BRF:32
BRH:0
end_of_record
TN:
SF:C:\Users\lluna\bootcamp\collab\los-chicotes\skylab-bootcamp-201901\staff\groups\null\smart-fridge\src\Components\App\index.js
FN:8,(anonymous_0)
FN:10,(anonymous_1)
FN:16,(anonymous_2)
FN:20,(anonymous_3)
FN:21,(anonymous_4)
FNF:5
FNH:0
FNDA:0,(anonymous_0)
FNDA:0,(anonymous_1)
FNDA:0,(anonymous_2)
FNDA:0,(anonymous_3)
FNDA:0,(anonymous_4)
DA:1,0
DA:2,0
DA:3,0
DA:4,0
DA:5,0
DA:6,0
DA:8,0
DA:11,0
DA:13,0
DA:18,0
DA:20,0
DA:21,0
LF:12
LH:0
BRDA:20,0,0,0
BRDA:20,0,1,0
BRDA:21,1,0,0
BRDA:21,1,1,0
BRF:4
BRH:0
end_of_record
TN:
SF:C:\Users\lluna\bootcamp\collab\los-chicotes\skylab-bootcamp-201901\staff\groups\null\smart-fridge\src\Components\Detail\index.js
FN:6,(anonymous_0)
FN:34,(anonymous_1)
FN:45,(anonymous_2)
FNF:3
FNH:0
FNDA:0,(anonymous_0)
FNDA:0,(anonymous_1)
FNDA:0,(anonymous_2)
DA:1,0
DA:2,0
DA:6,0
DA:7,0
DA:9,0
DA:35,0
DA:46,0
LF:7
LH:0
BRDA:19,0,0,0
BRDA:19,0,1,0
BRF:2
BRH:0
end_of_record
TN:
SF:C:\Users\lluna\bootcamp\collab\los-chicotes\skylab-bootcamp-201901\staff\groups\null\smart-fridge\src\Components\EditProfile\index.js
FN:4,(anonymous_0)
FN:19,(anonymous_1)
FN:20,(anonymous_2)
FN:22,(anonymous_3)
FN:23,(anonymous_4)
FN:24,(anonymous_5)
FN:25,(anonymous_6)
FN:26,(anonymous_7)
FN:29,(anonymous_8)
FN:52,(anonymous_9)
FN:63,(anonymous_10)
FN:69,(anonymous_11)
FNF:12
FNH:0
FNDA:0,(anonymous_0)
FNDA:0,(anonymous_1)
FNDA:0,(anonymous_2)
FNDA:0,(anonymous_3)
FNDA:0,(anonymous_4)
FNDA:0,(anonymous_5)
FNDA:0,(anonymous_6)
FNDA:0,(anonymous_7)
FNDA:0,(anonymous_8)
FNDA:0,(anonymous_9)
FNDA:0,(anonymous_10)
FNDA:0,(anonymous_11)
DA:1,0
DA:2,0
DA:4,0
DA:19,0
DA:20,0
DA:22,0
DA:23,0
DA:24,0
DA:25,0
DA:26,0
DA:29,0
DA:30,0
DA:32,0
DA:34,0
DA:44,0
DA:52,0
DA:53,0
DA:55,0
DA:57,0
DA:64,0
DA:66,0
DA:70,0
LF:22
LH:0
BRDA:45,0,0,0
BRDA:45,0,1,0
BRDA:46,1,0,0
BRDA:46,1,1,0
BRDA:47,2,0,0
BRDA:47,2,1,0
BRDA:48,3,0,0
BRDA:48,3,1,0
BRDA:49,4,0,0
BRDA:49,4,1,0
BRDA:50,5,0,0
BRDA:50,5,1,0
BRDA:51,6,0,0
BRDA:51,6,1,0
BRF:14
BRH:0
end_of_record
TN:
SF:C:\Users\lluna\bootcamp\collab\los-chicotes\skylab-bootcamp-201901\staff\groups\null\smart-fridge\src\Components\Feedback\index.js
FN:4,(anonymous_0)
FN:6,(anonymous_1)
FN:12,(anonymous_2)
FNF:3
FNH:0
FNDA:0,(anonymous_0)
FNDA:0,(anonymous_1)
FNDA:0,(anonymous_2)
DA:1,0
DA:2,0
DA:4,0
DA:7,0
DA:8,0
DA:14,0
LF:6
LH:0
BRF:0
BRH:0
end_of_record
TN:
SF:C:\Users\lluna\bootcamp\collab\los-chicotes\skylab-bootcamp-201901\staff\groups\null\smart-fridge\src\Components\Home\index.js
FN:13,(anonymous_0)
FN:17,(anonymous_1)
FN:21,(anonymous_2)
FN:22,(anonymous_3)
FN:24,(anonymous_4)
FN:25,(anonymous_5)
FN:35,(anonymous_6)
FN:40,(anonymous_7)
FN:44,(anonymous_8)
FN:48,(anonymous_9)
FN:51,(anonymous_10)
FN:52,(anonymous_11)
FN:55,(anonymous_12)
FN:63,(anonymous_13)
FN:68,(anonymous_14)
FN:73,(anonymous_15)
FN:89,(anonymous_16)
FN:94,(anonymous_17)
FN:95,(anonymous_18)
FN:96,(anonymous_19)
FN:97,(anonymous_20)
FN:98,(anonymous_21)
FNF:22
FNH:0
FNDA:0,(anonymous_0)
FNDA:0,(anonymous_1)
FNDA:0,(anonymous_2)
FNDA:0,(anonymous_3)
FNDA:0,(anonymous_4)
FNDA:0,(anonymous_5)
FNDA:0,(anonymous_6)
FNDA:0,(anonymous_7)
FNDA:0,(anonymous_8)
FNDA:0,(anonymous_9)
FNDA:0,(anonymous_10)
FNDA:0,(anonymous_11)
FNDA:0,(anonymous_12)
FNDA:0,(anonymous_13)
FNDA:0,(anonymous_14)
FNDA:0,(anonymous_15)
FNDA:0,(anonymous_16)
FNDA:0,(anonymous_17)
FNDA:0,(anonymous_18)
FNDA:0,(anonymous_19)
FNDA:0,(anonymous_20)
FNDA:0,(anonymous_21)
DA:1,0
DA:2,0
DA:3,0
DA:4,0
DA:5,0
DA:6,0
DA:7,0
DA:8,0
DA:9,0
DA:10,0
DA:13,0
DA:18,0
DA:19,0
DA:20,0
DA:22,0
DA:25,0
DA:26,0
DA:30,0
DA:36,0
DA:37,0
DA:41,0
DA:45,0
DA:49,0
DA:50,0
DA:51,0
DA:53,0
DA:55,0
DA:57,0
DA:58,0
DA:64,0
DA:65,0
DA:69,0
DA:70,0
DA:75,0
DA:77,0
DA:78,0
DA:80,0
DA:81,0
DA:82,0
DA:85,0
DA:89,0
DA:90,0
DA:92,0
DA:94,0
DA:95,0
DA:96,0
DA:97,0
DA:98,0
LF:48
LH:0
BRDA:94,0,0,0
BRDA:94,0,1,0
BRDA:95,1,0,0
BRDA:95,1,1,0
BRDA:96,2,0,0
BRDA:96,2,1,0
BRDA:96,3,0,0
BRDA:96,3,1,0
BRDA:97,4,0,0
BRDA:97,4,1,0
BRDA:97,5,0,0
BRDA:97,5,1,0
BRDA:98,6,0,0
BRDA:98,6,1,0
BRDA:98,7,0,0
BRDA:98,7,1,0
BRF:16
BRH:0
end_of_record
TN:
SF:C:\Users\lluna\bootcamp\collab\los-chicotes\skylab-bootcamp-201901\staff\groups\null\smart-fridge\src\Components\InputsFridge\index.js
FN:5,(anonymous_0)
FN:23,(anonymous_1)
FN:48,(anonymous_2)
FN:49,(anonymous_3)
FN:50,(anonymous_4)
FN:51,(anonymous_5)
FN:52,(anonymous_6)
FN:54,(anonymous_7)
FN:60,(anonymous_8)
FN:66,(anonymous_9)
FN:71,(anonymous_10)
FN:76,(anonymous_11)
FN:81,(anonymous_12)
FN:86,(anonymous_13)
FN:91,(anonymous_14)
FN:96,(anonymous_15)
FNF:16
FNH:0
FNDA:0,(anonymous_0)
FNDA:0,(anonymous_1)
FNDA:0,(anonymous_2)
FNDA:0,(anonymous_3)
FNDA:0,(anonymous_4)
FNDA:0,(anonymous_5)
FNDA:0,(anonymous_6)
FNDA:0,(anonymous_7)
FNDA:0,(anonymous_8)
FNDA:0,(anonymous_9)
FNDA:0,(anonymous_10)
FNDA:0,(anonymous_11)
FNDA:0,(anonymous_12)
FNDA:0,(anonymous_13)
FNDA:0,(anonymous_14)
FNDA:0,(anonymous_15)
DA:1,0
DA:2,0
DA:3,0
DA:5,0
DA:23,0
DA:24,0
DA:26,0
DA:28,0
DA:29,0
DA:30,0
DA:31,0
DA:32,0
DA:33,0
DA:35,0
DA:37,0
DA:38,0
DA:39,0
DA:40,0
DA:41,0
DA:45,0
DA:48,0
DA:49,0
DA:50,0
DA:51,0
DA:52,0
DA:55,0
DA:56,0
DA:57,0
DA:61,0
DA:62,0
DA:63,0
DA:67,0
DA:68,0
DA:72,0
DA:73,0
DA:77,0
DA:78,0
DA:82,0
DA:83,0
DA:87,0
DA:88,0
DA:92,0
DA:93,0
DA:96,0
DA:97,0
DA:99,0
DA:100,0
DA:102,0
LF:48
LH:0
BRDA:29,0,0,0
BRDA:29,0,1,0
BRDA:30,1,0,0
BRDA:30,1,1,0
BRDA:31,2,0,0
BRDA:31,2,1,0
BRDA:32,3,0,0
BRDA:32,3,1,0
BRDA:33,4,0,0
BRDA:33,4,1,0
BRDA:38,5,0,0
BRDA:38,5,1,0
BRDA:39,6,0,0
BRDA:39,6,1,0
BRDA:40,7,0,0
BRDA:40,7,1,0
BRDA:41,8,0,0
BRDA:41,8,1,0
BRDA:57,9,0,0
BRDA:57,9,1,0
BRDA:57,10,0,0
BRDA:57,10,1,0
BRDA:63,11,0,0
BRDA:63,11,1,0
BRDA:63,12,0,0
BRDA:63,12,1,0
BRDA:110,13,0,0
BRDA:110,13,1,0
BRDA:111,14,0,0
BRDA:111,14,1,0
BRDA:112,15,0,0
BRDA:112,15,1,0
BRDA:113,16,0,0
BRDA:113,16,1,0
BRDA:143,17,0,0
BRDA:143,17,1,0
BRDA:146,18,0,0
BRDA:146,18,1,0
BRDA:149,19,0,0
BRDA:149,19,1,0
BRDA:152,20,0,0
BRDA:152,20,1,0
BRF:42
BRH:0
end_of_record
TN:
SF:C:\Users\lluna\bootcamp\collab\los-chicotes\skylab-bootcamp-201901\staff\groups\null\smart-fridge\src\Components\Login\index.js
FN:4,(anonymous_0)
FN:7,(anonymous_1)
FN:9,(anonymous_2)
FN:11,(anonymous_3)
FN:19,(anonymous_4)
FN:25,(anonymous_5)
FNF:6
FNH:0
FNDA:0,(anonymous_0)
FNDA:0,(anonymous_1)
FNDA:0,(anonymous_2)
FNDA:0,(anonymous_3)
FNDA:0,(anonymous_4)
FNDA:0,(anonymous_5)
DA:1,0
DA:2,0
DA:4,0
DA:7,0
DA:9,0
DA:11,0
DA:12,0
DA:14,0
DA:16,0
DA:20,0
DA:22,0
DA:26,0
LF:12
LH:0
BRF:0
BRH:0
end_of_record
TN:
SF:C:\Users\lluna\bootcamp\collab\los-chicotes\skylab-bootcamp-201901\staff\groups\null\smart-fridge\src\Components\Nav\index.js
FN:5,(anonymous_0)
FN:7,(anonymous_1)
FN:13,(anonymous_2)
FN:19,(anonymous_3)
FN:24,(anonymous_4)
FNF:5
FNH:0
FNDA:0,(anonymous_0)
FNDA:0,(anonymous_1)
FNDA:0,(anonymous_2)
FNDA:0,(anonymous_3)
FNDA:0,(anonymous_4)
DA:1,0
DA:2,0
DA:5,0
DA:8,0
DA:10,0
DA:14,0
DA:16,0
DA:20,0
DA:25,0
LF:9
LH:0
BRDA:27,0,0,0
BRDA:27,0,1,0
BRF:2
BRH:0
end_of_record
TN:
SF:C:\Users\lluna\bootcamp\collab\los-chicotes\skylab-bootcamp-201901\staff\groups\null\smart-fridge\src\Components\Register\index.js
FN:4,(anonymous_0)
FN:19,(anonymous_1)
FN:20,(anonymous_2)
FN:21,(anonymous_3)
FN:22,(anonymous_4)
FN:23,(anonymous_5)
FN:25,(anonymous_6)
FN:26,(anonymous_7)
FN:27,(anonymous_8)
FN:28,(anonymous_9)
FN:29,(anonymous_10)
FN:32,(anonymous_11)
FN:40,(anonymous_12)
FN:46,(anonymous_13)
FNF:14
FNH:0
FNDA:0,(anonymous_0)
FNDA:0,(anonymous_1)
FNDA:0,(anonymous_2)
FNDA:0,(anonymous_3)
FNDA:0,(anonymous_4)
FNDA:0,(anonymous_5)
FNDA:0,(anonymous_6)
FNDA:0,(anonymous_7)
FNDA:0,(anonymous_8)
FNDA:0,(anonymous_9)
FNDA:0,(anonymous_10)
FNDA:0,(anonymous_11)
FNDA:0,(anonymous_12)
FNDA:0,(anonymous_13)
DA:1,0
DA:2,0
DA:4,0
DA:19,0
DA:20,0
DA:21,0
DA:22,0
DA:23,0
DA:25,0
DA:26,0
DA:27,0
DA:28,0
DA:29,0
DA:32,0
DA:33,0
DA:35,0
DA:37,0
DA:41,0
DA:43,0
DA:47,0
LF:20
LH:0
BRF:0
BRH:0
end_of_record
TN:
SF:C:\Users\lluna\bootcamp\collab\los-chicotes\skylab-bootcamp-201901\staff\groups\null\smart-fridge\src\Components\Results\index.js
FN:8,(anonymous_0)
FN:10,(anonymous_1)
FN:14,(anonymous_2)
FN:26,(anonymous_3)
FN:60,(anonymous_4)
FNF:5
FNH:0
FNDA:0,(anonymous_0)
FNDA:0,(anonymous_1)
FNDA:0,(anonymous_2)
FNDA:0,(anonymous_3)
FNDA:0,(anonymous_4)
DA:1,0
DA:4,0
DA:5,0
DA:8,0
DA:11,0
DA:16,0
DA:17,0
DA:18,0
DA:19,0
DA:22,0
DA:27,0
DA:60,0
LF:12
LH:0
BRDA:58,0,0,0
BRDA:58,0,1,0
BRF:2
BRH:0
end_of_record
TN:
SF:C:\Users\lluna\bootcamp\collab\los-chicotes\skylab-bootcamp-201901\staff\groups\null\smart-fridge\src\Components\Welcome\index.js
FN:9,(anonymous_0)
FN:18,(anonymous_1)
FN:27,(anonymous_2)
FN:36,(anonymous_3)
FN:39,(anonymous_4)
FN:41,(anonymous_5)
FN:45,(anonymous_6)
FN:52,(anonymous_7)
FN:55,(anonymous_8)
FN:58,(anonymous_9)
FN:66,(anonymous_10)
FN:69,(anonymous_11)
FN:70,(anonymous_12)
FN:71,(anonymous_13)
FNF:14
FNH:0
FNDA:0,(anonymous_0)
FNDA:0,(anonymous_1)
FNDA:0,(anonymous_2)
FNDA:0,(anonymous_3)
FNDA:0,(anonymous_4)
FNDA:0,(anonymous_5)
FNDA:0,(anonymous_6)
FNDA:0,(anonymous_7)
FNDA:0,(anonymous_8)
FNDA:0,(anonymous_9)
FNDA:0,(anonymous_10)
FNDA:0,(anonymous_11)
FNDA:0,(anonymous_12)
FNDA:0,(anonymous_13)
DA:1,0
DA:2,0
DA:3,0
DA:4,0
DA:5,0
DA:6,0
DA:7,0
DA:9,0
DA:19,0
DA:20,0
DA:28,0
DA:29,0
DA:37,0
DA:38,0
DA:40,0
DA:42,0
DA:45,0
DA:47,0
DA:48,0
DA:53,0
DA:54,0
DA:56,0
DA:58,0
DA:60,0
DA:61,0
DA:68,0
DA:69,0
DA:70,0
DA:71,0
LF:29
LH:0
BRDA:70,0,0,0
BRDA:70,0,1,0
BRDA:71,1,0,0
BRDA:71,1,1,0
BRF:4
BRH:0
end_of_record
TN:
SF:C:\Users\lluna\bootcamp\collab\los-chicotes\skylab-bootcamp-201901\staff\groups\null\smart-fridge\src\Components\WelcomeBanner\index.js
FN:3,(anonymous_0)
FN:5,(anonymous_1)
FN:10,(anonymous_2)
FN:19,(anonymous_3)
FNF:4
FNH:0
FNDA:0,(anonymous_0)
FNDA:0,(anonymous_1)
FNDA:0,(anonymous_2)
FNDA:0,(anonymous_3)
DA:1,0
DA:3,0
DA:6,0
DA:7,0
DA:11,0
DA:12,0
DA:20,0
LF:7
LH:0
BRF:0
BRH:0
end_of_record
TN:
SF:C:\Users\lluna\bootcamp\collab\los-chicotes\skylab-bootcamp-201901\staff\groups\null\smart-fridge\src\edamam-api\index.js
FN:43,(anonymous_0)
FN:44,(anonymous_1)
FNF:2
FNH:2
FNDA:4,(anonymous_0)
FNDA:4,(anonymous_1)
DA:9,2
DA:27,15
DA:29,11
DA:31,10
DA:33,5
DA:35,4
DA:36,4
DA:38,4
DA:40,4
DA:43,4
DA:45,4
DA:46,4
DA:48,4
DA:50,4
LF:14
LH:14
BRDA:27,0,0,4
BRDA:27,0,1,11
BRDA:29,1,0,1
BRDA:29,1,1,10
BRDA:31,2,0,5
BRDA:31,2,1,5
BRDA:33,3,0,1
BRDA:33,3,1,4
BRDA:35,4,0,4
BRDA:35,4,1,0
BRDA:36,5,0,3
BRDA:36,5,1,1
BRDA:45,6,0,0
BRDA:45,6,1,4
BRDA:46,7,0,0
BRDA:46,7,1,4
BRF:16
BRH:13
end_of_record
TN:
SF:C:\Users\lluna\bootcamp\collab\los-chicotes\skylab-bootcamp-201901\staff\groups\null\smart-fridge\src\logic\index.js
FN:77,(anonymous_0)
FN:200,(anonymous_1)
FN:220,(anonymous_2)
FN:241,(anonymous_3)
FN:317,(anonymous_4)
FN:396,(anonymous_5)
FN:428,(anonymous_6)
FN:429,(anonymous_7)
FNF:8
FNH:7
FNDA:0,(anonymous_0)
FNDA:13,(anonymous_1)
FNDA:10,(anonymous_2)
FNDA:2,(anonymous_3)
FNDA:4,(anonymous_4)
FNDA:26,(anonymous_5)
FNDA:196,(anonymous_6)
FNDA:546,(anonymous_7)
DA:6,1
DA:8,87
DA:12,14
DA:16,74
DA:20,10
DA:24,66
DA:28,10
DA:32,87
DA:36,14
DA:40,74
DA:44,10
DA:48,66
DA:52,10
DA:56,0
DA:60,0
DA:61,0
DA:62,0
DA:74,0
DA:76,0
DA:78,0
DA:79,0
DA:80,0
DA:81,0
DA:83,0
DA:84,0
DA:85,0
DA:86,0
DA:114,17
DA:115,17
DA:116,17
DA:117,17
DA:119,17
DA:121,13
DA:123,13
DA:125,10
DA:127,9
DA:129,6
DA:131,5
DA:133,3
DA:135,3
DA:137,3
DA:139,3
DA:141,2
DA:146,1
DA:147,0
DA:149,0
DA:150,0
DA:152,0
DA:154,0
DA:157,0
DA:160,1
DA:161,1
DA:163,1
DA:165,1
DA:167,0
DA:168,0
DA:171,0
DA:174,1
DA:195,15
DA:197,14
DA:199,13
DA:201,13
DA:215,12
DA:217,11
DA:219,10
DA:221,10
DA:222,10
DA:236,5
DA:238,4
DA:240,3
DA:242,2
DA:256,3
DA:258,2
DA:260,1
DA:274,3
DA:276,2
DA:278,1
DA:295,7
DA:297,6
DA:301,5
DA:302,5
DA:304,4
DA:305,1
DA:307,3
DA:313,4
DA:314,3
DA:315,2
DA:317,2
DA:318,4
DA:321,2
DA:323,1
DA:326,3
DA:328,3
DA:388,24
DA:390,19
DA:392,18
DA:394,13
DA:396,13
DA:397,26
DA:398,26
DA:401,13
DA:402,0
DA:417,26
DA:419,21
DA:421,20
DA:423,14
DA:425,14
DA:426,14
DA:428,14
DA:429,196
DA:430,546
DA:432,196
DA:433,154
DA:436,14
LF:114
LH:90
BRDA:56,0,0,0
BRDA:56,0,1,0
BRDA:78,1,0,0
BRDA:78,1,1,0
BRDA:83,2,0,0
BRDA:83,2,1,0
BRDA:119,3,0,4
BRDA:119,3,1,13
BRDA:121,4,0,0
BRDA:121,4,1,13
BRDA:123,5,0,3
BRDA:123,5,1,10
BRDA:125,6,0,1
BRDA:125,6,1,9
BRDA:125,7,0,10
BRDA:125,7,1,10
BRDA:127,8,0,3
BRDA:127,8,1,6
BRDA:129,9,0,1
BRDA:129,9,1,5
BRDA:129,10,0,6
BRDA:129,10,1,6
BRDA:131,11,0,2
BRDA:131,11,1,3
BRDA:133,12,0,0
BRDA:133,12,1,3
BRDA:135,13,0,0
BRDA:135,13,1,3
BRDA:137,14,0,0
BRDA:137,14,1,3
BRDA:137,15,0,3
BRDA:137,15,1,3
BRDA:139,16,0,1
BRDA:139,16,1,2
BRDA:141,17,0,1
BRDA:141,17,1,1
BRDA:146,18,0,0
BRDA:146,18,1,1
BRDA:149,19,0,0
BRDA:149,19,1,0
BRDA:152,20,0,0
BRDA:152,20,1,0
BRDA:160,21,0,1
BRDA:160,21,1,0
BRDA:163,22,0,1
BRDA:163,22,1,0
BRDA:167,23,0,0
BRDA:167,23,1,0
BRDA:195,24,0,1
BRDA:195,24,1,14
BRDA:197,25,0,1
BRDA:197,25,1,13
BRDA:215,26,0,1
BRDA:215,26,1,11
BRDA:217,27,0,1
BRDA:217,27,1,10
BRDA:236,28,0,1
BRDA:236,28,1,4
BRDA:238,29,0,1
BRDA:238,29,1,3
BRDA:256,30,0,1
BRDA:256,30,1,2
BRDA:258,31,0,1
BRDA:258,31,1,1
BRDA:274,32,0,1
BRDA:274,32,1,2
BRDA:276,33,0,1
BRDA:276,33,1,1
BRDA:295,34,0,1
BRDA:295,34,1,6
BRDA:297,35,0,1
BRDA:297,35,1,5
BRDA:301,36,0,5
BRDA:301,36,1,0
BRDA:302,37,0,1
BRDA:302,37,1,4
BRDA:304,38,0,1
BRDA:304,38,1,3
BRDA:313,39,0,3
BRDA:313,39,1,1
BRDA:313,40,0,4
BRDA:313,40,1,2
BRDA:314,41,0,1
BRDA:314,41,1,2
BRDA:388,42,0,5
BRDA:388,42,1,19
BRDA:390,43,0,1
BRDA:390,43,1,18
BRDA:392,44,0,5
BRDA:392,44,1,13
BRDA:397,45,0,26
BRDA:397,45,1,0
BRDA:401,46,0,13
BRDA:401,46,1,0
BRDA:417,47,0,5
BRDA:417,47,1,21
BRDA:419,48,0,1
BRDA:419,48,1,20
BRDA:421,49,0,6
BRDA:421,49,1,14
BRDA:423,50,0,0
BRDA:423,50,1,14
BRDA:432,51,0,42
BRDA:432,51,1,154
BRF:104
BRH:81
end_of_record
TN:
SF:C:\Users\lluna\bootcamp\collab\los-chicotes\skylab-bootcamp-201901\staff\groups\null\smart-fridge\src\user-api\index.js
FN:51,(anonymous_0)
FN:52,(anonymous_1)
FN:75,(anonymous_2)
FN:76,(anonymous_3)
FN:100,(anonymous_4)
FN:101,(anonymous_5)
FN:132,(anonymous_6)
FN:133,(anonymous_7)
FN:163,(anonymous_8)
FN:164,(anonymous_9)
FNF:10
FNH:10
FNDA:93,(anonymous_0)
FNDA:93,(anonymous_1)
FNDA:74,(anonymous_2)
FNDA:74,(anonymous_3)
FNDA:6,(anonymous_4)
FNDA:6,(anonymous_5)
FNDA:3,(anonymous_6)
FNDA:3,(anonymous_7)
FNDA:3,(anonymous_8)
FNDA:3,(anonymous_9)
DA:3,2
DA:8,93
DA:9,93
DA:11,93
DA:12,93
DA:14,93
DA:15,93
DA:17,93
DA:18,93
DA:20,93
DA:21,93
DA:23,93
DA:25,93
DA:26,93
DA:28,93
DA:29,93
DA:31,93
DA:33,93
DA:35,93
DA:37,93
DA:39,93
DA:41,93
DA:44,93
DA:51,93
DA:53,93
DA:55,93
DA:57,1
DA:62,88
DA:63,82
DA:65,81
DA:66,75
DA:68,74
DA:75,74
DA:77,74
DA:79,74
DA:81,2
DA:86,18
DA:88,13
DA:90,12
DA:92,7
DA:95,6
DA:100,6
DA:102,6
DA:104,6
DA:106,2
DA:111,22
DA:113,17
DA:115,16
DA:117,10
DA:119,9
DA:121,7
DA:124,3
DA:132,3
DA:134,3
DA:136,3
DA:138,1
DA:143,28
DA:144,22
DA:146,22
DA:147,17
DA:149,17
DA:150,11
DA:152,10
DA:153,4
DA:155,3
DA:163,3
DA:165,3
DA:167,3
DA:169,1
LF:69
LH:69
BRDA:8,0,0,0
BRDA:8,0,1,93
BRDA:9,1,0,0
BRDA:9,1,1,93
BRDA:11,2,0,0
BRDA:11,2,1,93
BRDA:12,3,0,0
BRDA:12,3,1,93
BRDA:14,4,0,0
BRDA:14,4,1,93
BRDA:15,5,0,0
BRDA:15,5,1,93
BRDA:17,6,0,0
BRDA:17,6,1,93
BRDA:18,7,0,0
BRDA:18,7,1,93
BRDA:20,8,0,0
BRDA:20,8,1,93
BRDA:21,9,0,0
BRDA:21,9,1,93
BRDA:23,10,0,0
BRDA:23,10,1,93
BRDA:25,11,0,0
BRDA:25,11,1,93
BRDA:26,12,0,0
BRDA:26,12,1,93
BRDA:28,13,0,0
BRDA:28,13,1,93
BRDA:29,14,0,0
BRDA:29,14,1,93
BRDA:31,15,0,0
BRDA:31,15,1,93
BRDA:33,16,0,0
BRDA:33,16,1,93
BRDA:33,17,0,93
BRDA:33,17,1,93
BRDA:35,18,0,0
BRDA:35,18,1,93
BRDA:37,19,0,0
BRDA:37,19,1,93
BRDA:37,20,0,93
BRDA:37,20,1,93
BRDA:39,21,0,0
BRDA:39,21,1,93
BRDA:41,22,0,0
BRDA:41,22,1,93
BRDA:55,23,0,92
BRDA:55,23,1,1
BRDA:62,24,0,6
BRDA:62,24,1,82
BRDA:63,25,0,1
BRDA:63,25,1,81
BRDA:65,26,0,6
BRDA:65,26,1,75
BRDA:66,27,0,1
BRDA:66,27,1,74
BRDA:79,28,0,72
BRDA:79,28,1,2
BRDA:86,29,0,5
BRDA:86,29,1,13
BRDA:88,30,0,1
BRDA:88,30,1,12
BRDA:90,31,0,5
BRDA:90,31,1,7
BRDA:92,32,0,1
BRDA:92,32,1,6
BRDA:104,33,0,4
BRDA:104,33,1,2
BRDA:111,34,0,5
BRDA:111,34,1,17
BRDA:113,35,0,1
BRDA:113,35,1,16
BRDA:115,36,0,6
BRDA:115,36,1,10
BRDA:117,37,0,1
BRDA:117,37,1,9
BRDA:119,38,0,2
BRDA:119,38,1,7
BRDA:119,39,0,9
BRDA:119,39,1,8
BRDA:121,40,0,4
BRDA:121,40,1,3
BRDA:136,41,0,2
BRDA:136,41,1,1
BRDA:143,42,0,6
BRDA:143,42,1,22
BRDA:144,43,0,0
BRDA:144,43,1,22
BRDA:146,44,0,5
BRDA:146,44,1,17
BRDA:147,45,0,0
BRDA:147,45,1,17
BRDA:149,46,0,6
BRDA:149,46,1,11
BRDA:150,47,0,1
BRDA:150,47,1,10
BRDA:152,48,0,6
BRDA:152,48,1,4
BRDA:153,49,0,1
BRDA:153,49,1,3
BRDA:167,50,0,2
BRDA:167,50,1,1
BRF:102
BRH:79
end_of_record
